[INFO ] 2022-08-25 12:20:23.145 [main] Log4jAppender - info: message is correct 0
[WARN ] 2022-08-25 12:20:23.156 [main] Log4jAppender - warn: message is correct 0
[ERROR] 2022-08-25 12:20:23.157 [main] Log4jAppender - error: message is correct 0
[FATAL] 2022-08-25 12:20:23.158 [main] Log4jAppender - fatal: message is correct 0
[DEBUG] 2022-08-25 12:20:23.159 [main] Log4jAppender - Debug
[INFO ] 2022-08-25 12:20:23.159 [main] Log4jAppender - info: message is correct 1
[WARN ] 2022-08-25 12:20:23.160 [main] Log4jAppender - warn: message is correct 1
[ERROR] 2022-08-25 12:20:23.160 [main] Log4jAppender - error: message is correct 1
[FATAL] 2022-08-25 12:20:23.160 [main] Log4jAppender - fatal: message is correct 1
[DEBUG] 2022-08-25 12:20:23.161 [main] Log4jAppender - Debug
[INFO ] 2022-08-25 12:20:23.161 [main] Log4jAppender - info: message is correct 2
[WARN ] 2022-08-25 12:20:23.161 [main] Log4jAppender - warn: message is correct 2
[ERROR] 2022-08-25 12:20:23.162 [main] Log4jAppender - error: message is correct 2
[FATAL] 2022-08-25 12:20:23.162 [main] Log4jAppender - fatal: message is correct 2
[DEBUG] 2022-08-25 12:20:23.162 [main] Log4jAppender - Debug
[INFO ] 2022-08-25 12:20:23.163 [main] Log4jAppender - info: message is correct 3
[WARN ] 2022-08-25 12:20:23.163 [main] Log4jAppender - warn: message is correct 3
[ERROR] 2022-08-25 12:20:23.163 [main] Log4jAppender - error: message is correct 3
[FATAL] 2022-08-25 12:20:23.163 [main] Log4jAppender - fatal: message is correct 3
[DEBUG] 2022-08-25 12:20:23.164 [main] Log4jAppender - Debug
[INFO ] 2022-08-25 12:20:23.164 [main] Log4jAppender - info: message is correct 4
[WARN ] 2022-08-25 12:20:23.164 [main] Log4jAppender - warn: message is correct 4
[ERROR] 2022-08-25 12:20:23.165 [main] Log4jAppender - error: message is correct 4
[FATAL] 2022-08-25 12:20:23.165 [main] Log4jAppender - fatal: message is correct 4
[DEBUG] 2022-08-25 12:20:23.165 [main] Log4jAppender - Debug
[INFO ] 2022-08-25 12:20:23.165 [main] Log4jAppender - info: message is correct 5
[WARN ] 2022-08-25 12:20:23.166 [main] Log4jAppender - warn: message is correct 5
[ERROR] 2022-08-25 12:20:23.166 [main] Log4jAppender - error: message is correct 5
[FATAL] 2022-08-25 12:20:23.166 [main] Log4jAppender - fatal: message is correct 5
[DEBUG] 2022-08-25 12:20:23.166 [main] Log4jAppender - Debug
[INFO ] 2022-08-25 12:20:23.166 [main] Log4jAppender - info: message is correct 6
[WARN ] 2022-08-25 12:20:23.167 [main] Log4jAppender - warn: message is correct 6
[ERROR] 2022-08-25 12:20:23.167 [main] Log4jAppender - error: message is correct 6
[FATAL] 2022-08-25 12:20:23.167 [main] Log4jAppender - fatal: message is correct 6
[DEBUG] 2022-08-25 12:20:23.168 [main] Log4jAppender - Debug
[INFO ] 2022-08-25 12:21:58.989 [main] Log4jAppender - info: message is correct 0
[WARN ] 2022-08-25 12:21:58.994 [main] Log4jAppender - warn: message is correct 0
[ERROR] 2022-08-25 12:21:58.994 [main] Log4jAppender - error: message is correct 0
[FATAL] 2022-08-25 12:21:58.995 [main] Log4jAppender - fatal: message is correct 0
[DEBUG] 2022-08-25 12:21:58.995 [main] Log4jAppender - Debug
[INFO ] 2022-08-25 12:21:58.995 [main] Log4jAppender - info: message is correct 1
[WARN ] 2022-08-25 12:21:58.996 [main] Log4jAppender - warn: message is correct 1
[ERROR] 2022-08-25 12:21:58.996 [main] Log4jAppender - error: message is correct 1
[FATAL] 2022-08-25 12:21:58.997 [main] Log4jAppender - fatal: message is correct 1
[DEBUG] 2022-08-25 12:21:58.997 [main] Log4jAppender - Debug
[INFO ] 2022-08-25 12:21:58.997 [main] Log4jAppender - info: message is correct 2
[WARN ] 2022-08-25 12:21:58.998 [main] Log4jAppender - warn: message is correct 2
[ERROR] 2022-08-25 12:21:58.998 [main] Log4jAppender - error: message is correct 2
[FATAL] 2022-08-25 12:21:58.998 [main] Log4jAppender - fatal: message is correct 2
[DEBUG] 2022-08-25 12:21:58.999 [main] Log4jAppender - Debug
[INFO ] 2022-08-25 12:21:58.999 [main] Log4jAppender - info: message is correct 3
[WARN ] 2022-08-25 12:21:58.999 [main] Log4jAppender - warn: message is correct 3
[ERROR] 2022-08-25 12:21:59.000 [main] Log4jAppender - error: message is correct 3
[FATAL] 2022-08-25 12:21:59.000 [main] Log4jAppender - fatal: message is correct 3
[DEBUG] 2022-08-25 12:21:59.000 [main] Log4jAppender - Debug
[INFO ] 2022-08-25 12:21:59.000 [main] Log4jAppender - info: message is correct 4
[WARN ] 2022-08-25 12:21:59.000 [main] Log4jAppender - warn: message is correct 4
[ERROR] 2022-08-25 12:21:59.000 [main] Log4jAppender - error: message is correct 4
[FATAL] 2022-08-25 12:21:59.001 [main] Log4jAppender - fatal: message is correct 4
[DEBUG] 2022-08-25 12:21:59.001 [main] Log4jAppender - Debug
[INFO ] 2022-08-25 12:21:59.001 [main] Log4jAppender - info: message is correct 5
[WARN ] 2022-08-25 12:21:59.001 [main] Log4jAppender - warn: message is correct 5
[ERROR] 2022-08-25 12:21:59.001 [main] Log4jAppender - error: message is correct 5
[FATAL] 2022-08-25 12:21:59.002 [main] Log4jAppender - fatal: message is correct 5
[DEBUG] 2022-08-25 12:21:59.002 [main] Log4jAppender - Debug
[INFO ] 2022-08-25 12:21:59.002 [main] Log4jAppender - info: message is correct 6
[WARN ] 2022-08-25 12:21:59.002 [main] Log4jAppender - warn: message is correct 6
[ERROR] 2022-08-25 12:21:59.003 [main] Log4jAppender - error: message is correct 6
[FATAL] 2022-08-25 12:21:59.003 [main] Log4jAppender - fatal: message is correct 6
[DEBUG] 2022-08-25 12:21:59.003 [main] Log4jAppender - Debug
[INFO ] 2022-08-25 12:26:32.342 [main] Log4jAppender - info: message is correct 0
[WARN ] 2022-08-25 12:26:32.348 [main] Log4jAppender - warn: message is correct 0
[ERROR] 2022-08-25 12:26:32.349 [main] Log4jAppender - error: message is correct 0
[FATAL] 2022-08-25 12:26:32.349 [main] Log4jAppender - fatal: message is correct 0
[DEBUG] 2022-08-25 12:26:32.349 [main] Log4jAppender - Debug
[INFO ] 2022-08-25 12:26:32.350 [main] Log4jAppender - info: message is correct 1
[WARN ] 2022-08-25 12:26:32.350 [main] Log4jAppender - warn: message is correct 1
[ERROR] 2022-08-25 12:26:32.350 [main] Log4jAppender - error: message is correct 1
[FATAL] 2022-08-25 12:26:32.350 [main] Log4jAppender - fatal: message is correct 1
[DEBUG] 2022-08-25 12:26:32.350 [main] Log4jAppender - Debug
[INFO ] 2022-08-25 12:26:32.351 [main] Log4jAppender - info: message is correct 2
[WARN ] 2022-08-25 12:26:32.351 [main] Log4jAppender - warn: message is correct 2
[ERROR] 2022-08-25 12:26:32.351 [main] Log4jAppender - error: message is correct 2
[FATAL] 2022-08-25 12:26:32.351 [main] Log4jAppender - fatal: message is correct 2
[DEBUG] 2022-08-25 12:26:32.352 [main] Log4jAppender - Debug
[INFO ] 2022-08-25 12:26:32.352 [main] Log4jAppender - info: message is correct 3
[WARN ] 2022-08-25 12:26:32.352 [main] Log4jAppender - warn: message is correct 3
[ERROR] 2022-08-25 12:26:32.352 [main] Log4jAppender - error: message is correct 3
[FATAL] 2022-08-25 12:26:32.352 [main] Log4jAppender - fatal: message is correct 3
[DEBUG] 2022-08-25 12:26:32.352 [main] Log4jAppender - Debug
[INFO ] 2022-08-25 12:26:32.353 [main] Log4jAppender - info: message is correct 4
[WARN ] 2022-08-25 12:26:32.353 [main] Log4jAppender - warn: message is correct 4
[ERROR] 2022-08-25 12:26:32.353 [main] Log4jAppender - error: message is correct 4
[FATAL] 2022-08-25 12:26:32.353 [main] Log4jAppender - fatal: message is correct 4
[DEBUG] 2022-08-25 12:26:32.354 [main] Log4jAppender - Debug
[INFO ] 2022-08-25 12:26:32.354 [main] Log4jAppender - info: message is correct 5
[WARN ] 2022-08-25 12:26:32.354 [main] Log4jAppender - warn: message is correct 5
[ERROR] 2022-08-25 12:26:32.354 [main] Log4jAppender - error: message is correct 5
[FATAL] 2022-08-25 12:26:32.355 [main] Log4jAppender - fatal: message is correct 5
[DEBUG] 2022-08-25 12:26:32.355 [main] Log4jAppender - Debug
[INFO ] 2022-08-25 12:26:32.355 [main] Log4jAppender - info: message is correct 6
[WARN ] 2022-08-25 12:26:32.355 [main] Log4jAppender - warn: message is correct 6
[ERROR] 2022-08-25 12:26:32.355 [main] Log4jAppender - error: message is correct 6
[FATAL] 2022-08-25 12:26:32.356 [main] Log4jAppender - fatal: message is correct 6
[DEBUG] 2022-08-25 12:26:32.356 [main] Log4jAppender - Debug
[INFO ] 2022-08-25 12:26:32.356 [main] Log4jAppender - info: message is correct 7
[WARN ] 2022-08-25 12:26:32.356 [main] Log4jAppender - warn: message is correct 7
[ERROR] 2022-08-25 12:26:32.357 [main] Log4jAppender - error: message is correct 7
[FATAL] 2022-08-25 12:26:32.357 [main] Log4jAppender - fatal: message is correct 7
[DEBUG] 2022-08-25 12:26:32.357 [main] Log4jAppender - Debug
[INFO ] 2022-08-25 12:26:32.357 [main] Log4jAppender - info: message is correct 8
[WARN ] 2022-08-25 12:26:32.357 [main] Log4jAppender - warn: message is correct 8
[ERROR] 2022-08-25 12:26:32.358 [main] Log4jAppender - error: message is correct 8
[FATAL] 2022-08-25 12:26:32.358 [main] Log4jAppender - fatal: message is correct 8
[DEBUG] 2022-08-25 12:26:32.359 [main] Log4jAppender - Debug
[INFO ] 2022-08-25 12:26:32.359 [main] Log4jAppender - info: message is correct 9
[WARN ] 2022-08-25 12:26:32.359 [main] Log4jAppender - warn: message is correct 9
[ERROR] 2022-08-25 12:26:32.359 [main] Log4jAppender - error: message is correct 9
[FATAL] 2022-08-25 12:26:32.360 [main] Log4jAppender - fatal: message is correct 9
[DEBUG] 2022-08-25 12:26:32.360 [main] Log4jAppender - Debug
[INFO ] 2022-08-25 12:30:00.091 [main] Log4jAppender - info: message is correct 0
[WARN ] 2022-08-25 12:30:00.114 [main] Log4jAppender - warn: message is correct 0
[ERROR] 2022-08-25 12:30:00.115 [main] Log4jAppender - error: message is correct 0
[FATAL] 2022-08-25 12:30:00.116 [main] Log4jAppender - fatal: message is correct 0
[DEBUG] 2022-08-25 12:30:00.116 [main] Log4jAppender - Debug
[INFO ] 2022-08-25 12:30:00.117 [main] Log4jAppender - info: message is correct 1
[WARN ] 2022-08-25 12:30:00.118 [main] Log4jAppender - warn: message is correct 1
[ERROR] 2022-08-25 12:30:00.119 [main] Log4jAppender - error: message is correct 1
[FATAL] 2022-08-25 12:30:00.119 [main] Log4jAppender - fatal: message is correct 1
[DEBUG] 2022-08-25 12:30:00.119 [main] Log4jAppender - Debug
[INFO ] 2022-08-25 12:30:00.120 [main] Log4jAppender - info: message is correct 2
[WARN ] 2022-08-25 12:30:00.120 [main] Log4jAppender - warn: message is correct 2
[ERROR] 2022-08-25 12:30:00.121 [main] Log4jAppender - error: message is correct 2
[FATAL] 2022-08-25 12:30:00.121 [main] Log4jAppender - fatal: message is correct 2
[DEBUG] 2022-08-25 12:30:00.121 [main] Log4jAppender - Debug
[INFO ] 2022-08-25 12:31:59.168 [main] Log4jAppender - info: message is correct 0
[WARN ] 2022-08-25 12:31:59.174 [main] Log4jAppender - warn: message is correct 0
[ERROR] 2022-08-25 12:31:59.175 [main] Log4jAppender - error: message is correct 0
[FATAL] 2022-08-25 12:31:59.175 [main] Log4jAppender - fatal: message is correct 0
[DEBUG] 2022-08-25 12:31:59.176 [main] Log4jAppender - Debug
[INFO ] 2022-08-25 12:31:59.176 [main] Log4jAppender - info: message is correct 1
[WARN ] 2022-08-25 12:31:59.176 [main] Log4jAppender - warn: message is correct 1
[ERROR] 2022-08-25 12:31:59.176 [main] Log4jAppender - error: message is correct 1
[FATAL] 2022-08-25 12:31:59.176 [main] Log4jAppender - fatal: message is correct 1
[DEBUG] 2022-08-25 12:31:59.177 [main] Log4jAppender - Debug
[INFO ] 2022-08-25 12:31:59.177 [main] Log4jAppender - info: message is correct 2
[WARN ] 2022-08-25 12:31:59.177 [main] Log4jAppender - warn: message is correct 2
[ERROR] 2022-08-25 12:31:59.177 [main] Log4jAppender - error: message is correct 2
[FATAL] 2022-08-25 12:31:59.178 [main] Log4jAppender - fatal: message is correct 2
[DEBUG] 2022-08-25 12:31:59.178 [main] Log4jAppender - Debug
[INFO ] 2022-08-25 12:33:09.244 [main] Log4jAppender - info: message is correct 0
[WARN ] 2022-08-25 12:33:09.249 [main] Log4jAppender - warn: message is correct 0
[ERROR] 2022-08-25 12:33:09.250 [main] Log4jAppender - error: message is correct 0
[FATAL] 2022-08-25 12:33:09.250 [main] Log4jAppender - fatal: message is correct 0
[DEBUG] 2022-08-25 12:33:09.251 [main] Log4jAppender - Debug
[INFO ] 2022-08-25 12:33:09.251 [main] Log4jAppender - info: message is correct 1
[WARN ] 2022-08-25 12:33:09.251 [main] Log4jAppender - warn: message is correct 1
[ERROR] 2022-08-25 12:33:09.251 [main] Log4jAppender - error: message is correct 1
[FATAL] 2022-08-25 12:33:09.252 [main] Log4jAppender - fatal: message is correct 1
[DEBUG] 2022-08-25 12:33:09.252 [main] Log4jAppender - Debug
[INFO ] 2022-08-25 12:33:09.252 [main] Log4jAppender - info: message is correct 2
[WARN ] 2022-08-25 12:33:09.252 [main] Log4jAppender - warn: message is correct 2
[ERROR] 2022-08-25 12:33:09.252 [main] Log4jAppender - error: message is correct 2
[FATAL] 2022-08-25 12:33:09.252 [main] Log4jAppender - fatal: message is correct 2
[DEBUG] 2022-08-25 12:33:09.253 [main] Log4jAppender - Debug
[INFO ] 2022-08-25 12:33:09.253 [main] Log4jAppender - info: message is correct 3
[WARN ] 2022-08-25 12:33:09.253 [main] Log4jAppender - warn: message is correct 3
[ERROR] 2022-08-25 12:33:09.253 [main] Log4jAppender - error: message is correct 3
[FATAL] 2022-08-25 12:33:09.253 [main] Log4jAppender - fatal: message is correct 3
[DEBUG] 2022-08-25 12:33:09.254 [main] Log4jAppender - Debug
[INFO ] 2022-08-25 12:35:23.847 [main] Log4jAppender - info: message is correct 0
[WARN ] 2022-08-25 12:35:23.853 [main] Log4jAppender - warn: message is correct 0
[ERROR] 2022-08-25 12:35:23.853 [main] Log4jAppender - error: message is correct 0
[FATAL] 2022-08-25 12:35:23.854 [main] Log4jAppender - fatal: message is correct 0
[DEBUG] 2022-08-25 12:35:23.854 [main] Log4jAppender - Debug
[INFO ] 2022-08-25 12:36:20.196 [main] Log4jAppender - info: message is correct 0
[WARN ] 2022-08-25 12:36:20.205 [main] Log4jAppender - warn: message is correct 0
[ERROR] 2022-08-25 12:36:20.206 [main] Log4jAppender - error: message is correct 0
[FATAL] 2022-08-25 12:36:20.206 [main] Log4jAppender - fatal: message is correct 0
[DEBUG] 2022-08-25 12:36:20.206 [main] Log4jAppender - Debug
[INFO ] 2022-08-25 12:36:20.206 [main] Log4jAppender - info: message is correct 1
[WARN ] 2022-08-25 12:36:20.207 [main] Log4jAppender - warn: message is correct 1
[ERROR] 2022-08-25 12:36:20.207 [main] Log4jAppender - error: message is correct 1
[FATAL] 2022-08-25 12:36:20.207 [main] Log4jAppender - fatal: message is correct 1
[DEBUG] 2022-08-25 12:36:20.208 [main] Log4jAppender - Debug
[INFO ] 2022-08-25 12:36:20.208 [main] Log4jAppender - info: message is correct 2
[WARN ] 2022-08-25 12:36:20.208 [main] Log4jAppender - warn: message is correct 2
[ERROR] 2022-08-25 12:36:20.208 [main] Log4jAppender - error: message is correct 2
[FATAL] 2022-08-25 12:36:20.208 [main] Log4jAppender - fatal: message is correct 2
[DEBUG] 2022-08-25 12:36:20.209 [main] Log4jAppender - Debug
[INFO ] 2022-08-25 12:36:20.209 [main] Log4jAppender - info: message is correct 3
[WARN ] 2022-08-25 12:36:20.209 [main] Log4jAppender - warn: message is correct 3
[ERROR] 2022-08-25 12:36:20.209 [main] Log4jAppender - error: message is correct 3
[FATAL] 2022-08-25 12:36:20.209 [main] Log4jAppender - fatal: message is correct 3
[DEBUG] 2022-08-25 12:36:20.210 [main] Log4jAppender - Debug
[INFO ] 2022-08-25 12:36:20.210 [main] Log4jAppender - info: message is correct 4
[WARN ] 2022-08-25 12:36:20.210 [main] Log4jAppender - warn: message is correct 4
[ERROR] 2022-08-25 12:36:20.210 [main] Log4jAppender - error: message is correct 4
[FATAL] 2022-08-25 12:36:20.211 [main] Log4jAppender - fatal: message is correct 4
[DEBUG] 2022-08-25 12:36:20.211 [main] Log4jAppender - Debug
[INFO ] 2022-08-25 12:36:20.211 [main] Log4jAppender - info: message is correct 5
[WARN ] 2022-08-25 12:36:20.212 [main] Log4jAppender - warn: message is correct 5
[ERROR] 2022-08-25 12:36:20.212 [main] Log4jAppender - error: message is correct 5
[FATAL] 2022-08-25 12:36:20.212 [main] Log4jAppender - fatal: message is correct 5
[DEBUG] 2022-08-25 12:36:20.212 [main] Log4jAppender - Debug
[INFO ] 2022-08-25 12:36:20.213 [main] Log4jAppender - info: message is correct 6
[WARN ] 2022-08-25 12:36:20.213 [main] Log4jAppender - warn: message is correct 6
[ERROR] 2022-08-25 12:36:20.213 [main] Log4jAppender - error: message is correct 6
[FATAL] 2022-08-25 12:36:20.213 [main] Log4jAppender - fatal: message is correct 6
[DEBUG] 2022-08-25 12:36:20.214 [main] Log4jAppender - Debug
[INFO ] 2022-08-25 12:36:20.214 [main] Log4jAppender - info: message is correct 7
[WARN ] 2022-08-25 12:36:20.214 [main] Log4jAppender - warn: message is correct 7
[ERROR] 2022-08-25 12:36:20.214 [main] Log4jAppender - error: message is correct 7
[FATAL] 2022-08-25 12:36:20.215 [main] Log4jAppender - fatal: message is correct 7
[DEBUG] 2022-08-25 12:36:20.215 [main] Log4jAppender - Debug
[INFO ] 2022-08-25 12:36:56.775 [main] Log4jAppender - info: message is correct 0
[WARN ] 2022-08-25 12:36:56.782 [main] Log4jAppender - warn: message is correct 0
[ERROR] 2022-08-25 12:36:56.783 [main] Log4jAppender - error: message is correct 0
[FATAL] 2022-08-25 12:36:56.784 [main] Log4jAppender - fatal: message is correct 0
[DEBUG] 2022-08-25 12:36:56.784 [main] Log4jAppender - Debug
[INFO ] 2022-08-25 12:36:56.784 [main] Log4jAppender - info: message is correct 1
[WARN ] 2022-08-25 12:36:56.785 [main] Log4jAppender - warn: message is correct 1
[ERROR] 2022-08-25 12:36:56.785 [main] Log4jAppender - error: message is correct 1
[FATAL] 2022-08-25 12:36:56.785 [main] Log4jAppender - fatal: message is correct 1
[DEBUG] 2022-08-25 12:36:56.786 [main] Log4jAppender - Debug
[INFO ] 2022-08-25 12:37:32.460 [main] Log4jAppender - info: message is correct 0
[WARN ] 2022-08-25 12:37:32.465 [main] Log4jAppender - warn: message is correct 0
[ERROR] 2022-08-25 12:37:32.466 [main] Log4jAppender - error: message is correct 0
[FATAL] 2022-08-25 12:37:32.466 [main] Log4jAppender - fatal: message is correct 0
[DEBUG] 2022-08-25 12:37:32.466 [main] Log4jAppender - Debug
[INFO ] 2022-08-25 12:37:32.467 [main] Log4jAppender - info: message is correct 1
[WARN ] 2022-08-25 12:37:32.467 [main] Log4jAppender - warn: message is correct 1
[ERROR] 2022-08-25 12:37:32.467 [main] Log4jAppender - error: message is correct 1
[FATAL] 2022-08-25 12:37:32.467 [main] Log4jAppender - fatal: message is correct 1
[DEBUG] 2022-08-25 12:37:32.468 [main] Log4jAppender - Debug
[INFO ] 2022-08-25 12:37:32.468 [main] Log4jAppender - info: message is correct 2
[WARN ] 2022-08-25 12:37:32.468 [main] Log4jAppender - warn: message is correct 2
[ERROR] 2022-08-25 12:37:32.468 [main] Log4jAppender - error: message is correct 2
[FATAL] 2022-08-25 12:37:32.469 [main] Log4jAppender - fatal: message is correct 2
[DEBUG] 2022-08-25 12:37:32.469 [main] Log4jAppender - Debug
[INFO ] 2022-08-25 12:37:32.469 [main] Log4jAppender - info: message is correct 3
[WARN ] 2022-08-25 12:37:32.469 [main] Log4jAppender - warn: message is correct 3
[ERROR] 2022-08-25 12:37:32.470 [main] Log4jAppender - error: message is correct 3
[FATAL] 2022-08-25 12:37:32.470 [main] Log4jAppender - fatal: message is correct 3
[DEBUG] 2022-08-25 12:37:32.470 [main] Log4jAppender - Debug
[INFO ] 2022-08-25 12:37:32.470 [main] Log4jAppender - info: message is correct 4
[WARN ] 2022-08-25 12:37:32.470 [main] Log4jAppender - warn: message is correct 4
[ERROR] 2022-08-25 12:37:32.471 [main] Log4jAppender - error: message is correct 4
[FATAL] 2022-08-25 12:37:32.471 [main] Log4jAppender - fatal: message is correct 4
[DEBUG] 2022-08-25 12:37:32.471 [main] Log4jAppender - Debug
[INFO ] 2022-08-25 12:40:00.639 [main] Log4jAppender - info: message is correct 0
[WARN ] 2022-08-25 12:40:00.650 [main] Log4jAppender - warn: message is correct 0
[ERROR] 2022-08-25 12:40:00.651 [main] Log4jAppender - error: message is correct 0
[FATAL] 2022-08-25 12:40:00.652 [main] Log4jAppender - fatal: message is correct 0
[DEBUG] 2022-08-25 12:40:00.652 [main] Log4jAppender - Debug
[INFO ] 2022-08-25 12:40:44.497 [main] Log4jAppender - info: message is correct 0
[WARN ] 2022-08-25 12:40:44.504 [main] Log4jAppender - warn: message is correct 0
[ERROR] 2022-08-25 12:40:44.505 [main] Log4jAppender - error: message is correct 0
[FATAL] 2022-08-25 12:40:44.506 [main] Log4jAppender - fatal: message is correct 0
[DEBUG] 2022-08-25 12:40:44.506 [main] Log4jAppender - Debug
[INFO ] 2022-08-25 12:40:57.849 [main] Log4jAppender - info: message is correct 0
[WARN ] 2022-08-25 12:40:57.860 [main] Log4jAppender - warn: message is correct 0
[ERROR] 2022-08-25 12:40:57.861 [main] Log4jAppender - error: message is correct 0
[FATAL] 2022-08-25 12:40:57.863 [main] Log4jAppender - fatal: message is correct 0
[DEBUG] 2022-08-25 12:40:57.863 [main] Log4jAppender - Debug
[INFO ] 2022-08-25 12:40:57.863 [main] Log4jAppender - info: message is correct 1
[WARN ] 2022-08-25 12:40:57.864 [main] Log4jAppender - warn: message is correct 1
[ERROR] 2022-08-25 12:40:57.864 [main] Log4jAppender - error: message is correct 1
[FATAL] 2022-08-25 12:40:57.864 [main] Log4jAppender - fatal: message is correct 1
[DEBUG] 2022-08-25 12:40:57.865 [main] Log4jAppender - Debug
[INFO ] 2022-08-25 12:40:57.865 [main] Log4jAppender - info: message is correct 2
[WARN ] 2022-08-25 12:40:57.865 [main] Log4jAppender - warn: message is correct 2
[ERROR] 2022-08-25 12:40:57.866 [main] Log4jAppender - error: message is correct 2
[FATAL] 2022-08-25 12:40:57.867 [main] Log4jAppender - fatal: message is correct 2
[DEBUG] 2022-08-25 12:40:57.868 [main] Log4jAppender - Debug
[INFO ] 2022-08-25 12:40:57.868 [main] Log4jAppender - info: message is correct 3
[WARN ] 2022-08-25 12:40:57.868 [main] Log4jAppender - warn: message is correct 3
[ERROR] 2022-08-25 12:40:57.869 [main] Log4jAppender - error: message is correct 3
[FATAL] 2022-08-25 12:40:57.869 [main] Log4jAppender - fatal: message is correct 3
[DEBUG] 2022-08-25 12:40:57.869 [main] Log4jAppender - Debug
[INFO ] 2022-08-25 12:40:57.870 [main] Log4jAppender - info: message is correct 4
[WARN ] 2022-08-25 12:40:57.870 [main] Log4jAppender - warn: message is correct 4
[ERROR] 2022-08-25 12:40:57.871 [main] Log4jAppender - error: message is correct 4
[FATAL] 2022-08-25 12:40:57.872 [main] Log4jAppender - fatal: message is correct 4
[DEBUG] 2022-08-25 12:40:57.873 [main] Log4jAppender - Debug
[INFO ] 2022-08-25 12:40:57.873 [main] Log4jAppender - info: message is correct 5
[WARN ] 2022-08-25 12:40:57.874 [main] Log4jAppender - warn: message is correct 5
[ERROR] 2022-08-25 12:40:57.874 [main] Log4jAppender - error: message is correct 5
[FATAL] 2022-08-25 12:40:57.875 [main] Log4jAppender - fatal: message is correct 5
[DEBUG] 2022-08-25 12:40:57.875 [main] Log4jAppender - Debug
[INFO ] 2022-08-25 12:40:57.876 [main] Log4jAppender - info: message is correct 6
[WARN ] 2022-08-25 12:40:57.876 [main] Log4jAppender - warn: message is correct 6
[ERROR] 2022-08-25 12:40:57.878 [main] Log4jAppender - error: message is correct 6
[FATAL] 2022-08-25 12:40:57.879 [main] Log4jAppender - fatal: message is correct 6
[DEBUG] 2022-08-25 12:40:57.880 [main] Log4jAppender - Debug
[INFO ] 2022-08-25 12:40:57.881 [main] Log4jAppender - info: message is correct 7
[WARN ] 2022-08-25 12:40:57.881 [main] Log4jAppender - warn: message is correct 7
[ERROR] 2022-08-25 12:40:57.881 [main] Log4jAppender - error: message is correct 7
[FATAL] 2022-08-25 12:40:57.882 [main] Log4jAppender - fatal: message is correct 7
[DEBUG] 2022-08-25 12:40:57.882 [main] Log4jAppender - Debug
[INFO ] 2022-08-25 12:42:35.879 [main] Log4jAppender - info: message is correct 0
[WARN ] 2022-08-25 12:42:35.885 [main] Log4jAppender - warn: message is correct 0
[ERROR] 2022-08-25 12:42:35.885 [main] Log4jAppender - error: message is correct 0
[FATAL] 2022-08-25 12:42:35.886 [main] Log4jAppender - fatal: message is correct 0
[DEBUG] 2022-08-25 12:42:35.886 [main] Log4jAppender - Debug
[INFO ] 2022-08-25 12:42:35.886 [main] Log4jAppender - info: message is correct 1
[WARN ] 2022-08-25 12:42:35.886 [main] Log4jAppender - warn: message is correct 1
[ERROR] 2022-08-25 12:42:35.887 [main] Log4jAppender - error: message is correct 1
[FATAL] 2022-08-25 12:42:35.887 [main] Log4jAppender - fatal: message is correct 1
[DEBUG] 2022-08-25 12:42:35.887 [main] Log4jAppender - Debug
[INFO ] 2022-08-25 12:42:35.887 [main] Log4jAppender - info: message is correct 2
[WARN ] 2022-08-25 12:42:35.888 [main] Log4jAppender - warn: message is correct 2
[ERROR] 2022-08-25 12:42:35.889 [main] Log4jAppender - error: message is correct 2
[FATAL] 2022-08-25 12:42:35.890 [main] Log4jAppender - fatal: message is correct 2
[DEBUG] 2022-08-25 12:42:35.890 [main] Log4jAppender - Debug
[INFO ] 2022-08-25 12:42:35.891 [main] Log4jAppender - info: message is correct 3
[WARN ] 2022-08-25 12:42:35.891 [main] Log4jAppender - warn: message is correct 3
[ERROR] 2022-08-25 12:42:35.891 [main] Log4jAppender - error: message is correct 3
[FATAL] 2022-08-25 12:42:35.892 [main] Log4jAppender - fatal: message is correct 3
[DEBUG] 2022-08-25 12:42:35.892 [main] Log4jAppender - Debug
[INFO ] 2022-08-25 12:42:35.892 [main] Log4jAppender - info: message is correct 4
[WARN ] 2022-08-25 12:42:35.893 [main] Log4jAppender - warn: message is correct 4
[ERROR] 2022-08-25 12:42:35.893 [main] Log4jAppender - error: message is correct 4
[FATAL] 2022-08-25 12:42:35.893 [main] Log4jAppender - fatal: message is correct 4
[DEBUG] 2022-08-25 12:42:35.894 [main] Log4jAppender - Debug
[INFO ] 2022-08-25 12:44:15.261 [main] Log4jAppender - info: message is correct 0
[WARN ] 2022-08-25 12:44:15.268 [main] Log4jAppender - warn: message is correct 0
[ERROR] 2022-08-25 12:44:15.268 [main] Log4jAppender - error: message is correct 0
[FATAL] 2022-08-25 12:44:15.269 [main] Log4jAppender - fatal: message is correct 0
[DEBUG] 2022-08-25 12:44:15.269 [main] Log4jAppender - Debug
[INFO ] 2022-08-25 12:44:59.741 [main] Log4jAppender - info: message is correct 0
[WARN ] 2022-08-25 12:44:59.746 [main] Log4jAppender - warn: message is correct 0
[ERROR] 2022-08-25 12:44:59.746 [main] Log4jAppender - error: message is correct 0
[FATAL] 2022-08-25 12:44:59.747 [main] Log4jAppender - fatal: message is correct 0
[DEBUG] 2022-08-25 12:44:59.747 [main] Log4jAppender - Debug
[INFO ] 2022-08-25 12:47:17.903 [main] Log4jAppender - info: message is correct 0
[WARN ] 2022-08-25 12:47:17.910 [main] Log4jAppender - warn: message is correct 0
[ERROR] 2022-08-25 12:47:17.910 [main] Log4jAppender - error: message is correct 0
[FATAL] 2022-08-25 12:47:17.911 [main] Log4jAppender - fatal: message is correct 0
[DEBUG] 2022-08-25 12:47:17.911 [main] Log4jAppender - Debug
[INFO ] 2022-08-25 12:47:17.912 [main] Log4jAppender - info: message is correct 1
[WARN ] 2022-08-25 12:47:17.912 [main] Log4jAppender - warn: message is correct 1
[ERROR] 2022-08-25 12:47:17.912 [main] Log4jAppender - error: message is correct 1
[FATAL] 2022-08-25 12:47:17.913 [main] Log4jAppender - fatal: message is correct 1
[DEBUG] 2022-08-25 12:47:17.913 [main] Log4jAppender - Debug
[INFO ] 2022-08-25 12:47:17.914 [main] Log4jAppender - info: message is correct 2
[WARN ] 2022-08-25 12:47:17.914 [main] Log4jAppender - warn: message is correct 2
[ERROR] 2022-08-25 12:47:17.914 [main] Log4jAppender - error: message is correct 2
[FATAL] 2022-08-25 12:47:17.915 [main] Log4jAppender - fatal: message is correct 2
[DEBUG] 2022-08-25 12:47:17.915 [main] Log4jAppender - Debug
[INFO ] 2022-08-25 12:47:17.916 [main] Log4jAppender - info: message is correct 3
[WARN ] 2022-08-25 12:47:17.916 [main] Log4jAppender - warn: message is correct 3
[ERROR] 2022-08-25 12:47:17.916 [main] Log4jAppender - error: message is correct 3
[FATAL] 2022-08-25 12:47:17.916 [main] Log4jAppender - fatal: message is correct 3
[DEBUG] 2022-08-25 12:47:17.917 [main] Log4jAppender - Debug
[INFO ] 2022-08-25 12:47:17.917 [main] Log4jAppender - info: message is correct 4
[WARN ] 2022-08-25 12:47:17.917 [main] Log4jAppender - warn: message is correct 4
[ERROR] 2022-08-25 12:47:17.918 [main] Log4jAppender - error: message is correct 4
[FATAL] 2022-08-25 12:47:17.918 [main] Log4jAppender - fatal: message is correct 4
[DEBUG] 2022-08-25 12:47:17.918 [main] Log4jAppender - Debug
[INFO ] 2022-08-25 12:47:17.918 [main] Log4jAppender - info: message is correct 5
[WARN ] 2022-08-25 12:47:17.919 [main] Log4jAppender - warn: message is correct 5
[ERROR] 2022-08-25 12:47:17.919 [main] Log4jAppender - error: message is correct 5
[FATAL] 2022-08-25 12:47:17.919 [main] Log4jAppender - fatal: message is correct 5
[DEBUG] 2022-08-25 12:47:17.920 [main] Log4jAppender - Debug
[INFO ] 2022-08-25 12:47:17.920 [main] Log4jAppender - info: message is correct 6
[WARN ] 2022-08-25 12:47:17.920 [main] Log4jAppender - warn: message is correct 6
[ERROR] 2022-08-25 12:47:17.921 [main] Log4jAppender - error: message is correct 6
[FATAL] 2022-08-25 12:47:17.921 [main] Log4jAppender - fatal: message is correct 6
[DEBUG] 2022-08-25 12:47:17.921 [main] Log4jAppender - Debug
[INFO ] 2022-08-25 12:47:17.922 [main] Log4jAppender - info: message is correct 7
[WARN ] 2022-08-25 12:47:17.922 [main] Log4jAppender - warn: message is correct 7
[ERROR] 2022-08-25 12:47:17.922 [main] Log4jAppender - error: message is correct 7
[FATAL] 2022-08-25 12:47:17.922 [main] Log4jAppender - fatal: message is correct 7
[DEBUG] 2022-08-25 12:47:17.923 [main] Log4jAppender - Debug
[INFO ] 2022-08-25 12:47:17.923 [main] Log4jAppender - info: message is correct 8
[WARN ] 2022-08-25 12:47:17.923 [main] Log4jAppender - warn: message is correct 8
[ERROR] 2022-08-25 12:47:17.924 [main] Log4jAppender - error: message is correct 8
[FATAL] 2022-08-25 12:47:17.924 [main] Log4jAppender - fatal: message is correct 8
[DEBUG] 2022-08-25 12:47:17.924 [main] Log4jAppender - Debug
[INFO ] 2022-08-25 12:52:38.716 [main] Log4jAppender - info: message is correct 0
[WARN ] 2022-08-25 12:52:38.722 [main] Log4jAppender - warn: message is correct 0
[ERROR] 2022-08-25 12:52:38.722 [main] Log4jAppender - error: message is correct 0
[FATAL] 2022-08-25 12:52:38.723 [main] Log4jAppender - fatal: message is correct 0
[DEBUG] 2022-08-25 12:52:38.723 [main] Log4jAppender - Debug
[INFO ] 2022-08-25 12:52:38.723 [main] Log4jAppender - info: message is correct 1
[WARN ] 2022-08-25 12:52:38.724 [main] Log4jAppender - warn: message is correct 1
[ERROR] 2022-08-25 12:52:38.724 [main] Log4jAppender - error: message is correct 1
[FATAL] 2022-08-25 12:52:38.724 [main] Log4jAppender - fatal: message is correct 1
[DEBUG] 2022-08-25 12:52:38.724 [main] Log4jAppender - Debug
[INFO ] 2022-08-25 12:52:38.724 [main] Log4jAppender - info: message is correct 2
[WARN ] 2022-08-25 12:52:38.725 [main] Log4jAppender - warn: message is correct 2
[ERROR] 2022-08-25 12:52:38.725 [main] Log4jAppender - error: message is correct 2
[FATAL] 2022-08-25 12:52:38.725 [main] Log4jAppender - fatal: message is correct 2
[DEBUG] 2022-08-25 12:52:38.725 [main] Log4jAppender - Debug
[INFO ] 2022-08-25 12:52:38.725 [main] Log4jAppender - info: message is correct 3
[WARN ] 2022-08-25 12:52:38.726 [main] Log4jAppender - warn: message is correct 3
[ERROR] 2022-08-25 12:52:38.726 [main] Log4jAppender - error: message is correct 3
[FATAL] 2022-08-25 12:52:38.726 [main] Log4jAppender - fatal: message is correct 3
[DEBUG] 2022-08-25 12:52:38.726 [main] Log4jAppender - Debug
[INFO ] 2022-08-25 12:53:23.049 [main] Log4jAppender - info: message is correct 0
[WARN ] 2022-08-25 12:53:23.054 [main] Log4jAppender - warn: message is correct 0
[ERROR] 2022-08-25 12:53:23.055 [main] Log4jAppender - error: message is correct 0
[FATAL] 2022-08-25 12:53:23.055 [main] Log4jAppender - fatal: message is correct 0
[DEBUG] 2022-08-25 12:53:23.055 [main] Log4jAppender - Debug
[INFO ] 2022-08-25 12:53:23.056 [main] Log4jAppender - info: message is correct 1
[WARN ] 2022-08-25 12:53:23.056 [main] Log4jAppender - warn: message is correct 1
[ERROR] 2022-08-25 12:53:23.056 [main] Log4jAppender - error: message is correct 1
[FATAL] 2022-08-25 12:53:23.056 [main] Log4jAppender - fatal: message is correct 1
[DEBUG] 2022-08-25 12:53:23.056 [main] Log4jAppender - Debug
[INFO ] 2022-08-25 12:53:23.057 [main] Log4jAppender - info: message is correct 2
[WARN ] 2022-08-25 12:53:23.057 [main] Log4jAppender - warn: message is correct 2
[ERROR] 2022-08-25 12:53:23.057 [main] Log4jAppender - error: message is correct 2
[FATAL] 2022-08-25 12:53:23.057 [main] Log4jAppender - fatal: message is correct 2
[DEBUG] 2022-08-25 12:53:23.058 [main] Log4jAppender - Debug
[INFO ] 2022-08-25 12:54:06.045 [main] Log4jAppender - info: message is correct 0
[WARN ] 2022-08-25 12:54:06.053 [main] Log4jAppender - warn: message is correct 0
[ERROR] 2022-08-25 12:54:06.053 [main] Log4jAppender - error: message is correct 0
[FATAL] 2022-08-25 12:54:06.054 [main] Log4jAppender - fatal: message is correct 0
[DEBUG] 2022-08-25 12:54:06.054 [main] Log4jAppender - Debug
[INFO ] 2022-08-25 12:54:06.054 [main] Log4jAppender - info: message is correct 1
[WARN ] 2022-08-25 12:54:06.055 [main] Log4jAppender - warn: message is correct 1
[ERROR] 2022-08-25 12:54:06.055 [main] Log4jAppender - error: message is correct 1
[FATAL] 2022-08-25 12:54:06.056 [main] Log4jAppender - fatal: message is correct 1
[DEBUG] 2022-08-25 12:54:06.056 [main] Log4jAppender - Debug
[INFO ] 2022-08-25 12:54:06.056 [main] Log4jAppender - info: message is correct 2
[WARN ] 2022-08-25 12:54:06.057 [main] Log4jAppender - warn: message is correct 2
[ERROR] 2022-08-25 12:54:06.057 [main] Log4jAppender - error: message is correct 2
[FATAL] 2022-08-25 12:54:06.057 [main] Log4jAppender - fatal: message is correct 2
[DEBUG] 2022-08-25 12:54:06.057 [main] Log4jAppender - Debug
[INFO ] 2022-08-25 12:57:46.306 [main] Log4jAppender - info: message is correct 0
[WARN ] 2022-08-25 12:57:46.312 [main] Log4jAppender - warn: message is correct 0
[ERROR] 2022-08-25 12:57:46.312 [main] Log4jAppender - error: message is correct 0
[FATAL] 2022-08-25 12:57:46.313 [main] Log4jAppender - fatal: message is correct 0
[DEBUG] 2022-08-25 12:57:46.313 [main] Log4jAppender - Debug
[INFO ] 2022-08-25 12:57:46.313 [main] Log4jAppender - info: message is correct 1
[WARN ] 2022-08-25 12:57:46.313 [main] Log4jAppender - warn: message is correct 1
[ERROR] 2022-08-25 12:57:46.314 [main] Log4jAppender - error: message is correct 1
[FATAL] 2022-08-25 12:57:46.314 [main] Log4jAppender - fatal: message is correct 1
[DEBUG] 2022-08-25 12:57:46.314 [main] Log4jAppender - Debug
[INFO ] 2022-08-25 12:57:46.314 [main] Log4jAppender - info: message is correct 2
[WARN ] 2022-08-25 12:57:46.315 [main] Log4jAppender - warn: message is correct 2
[ERROR] 2022-08-25 12:57:46.315 [main] Log4jAppender - error: message is correct 2
[FATAL] 2022-08-25 12:57:46.315 [main] Log4jAppender - fatal: message is correct 2
[DEBUG] 2022-08-25 12:57:46.315 [main] Log4jAppender - Debug
[INFO ] 2022-08-25 12:57:46.316 [main] Log4jAppender - info: message is correct 3
[WARN ] 2022-08-25 12:57:46.316 [main] Log4jAppender - warn: message is correct 3
[ERROR] 2022-08-25 12:57:46.316 [main] Log4jAppender - error: message is correct 3
[FATAL] 2022-08-25 12:57:46.316 [main] Log4jAppender - fatal: message is correct 3
[DEBUG] 2022-08-25 12:57:46.316 [main] Log4jAppender - Debug
[INFO ] 2022-08-25 12:57:46.317 [main] Log4jAppender - info: message is correct 4
[WARN ] 2022-08-25 12:57:46.317 [main] Log4jAppender - warn: message is correct 4
[ERROR] 2022-08-25 12:57:46.317 [main] Log4jAppender - error: message is correct 4
[FATAL] 2022-08-25 12:57:46.317 [main] Log4jAppender - fatal: message is correct 4
[DEBUG] 2022-08-25 12:57:46.318 [main] Log4jAppender - Debug
[INFO ] 2022-08-25 12:57:46.318 [main] Log4jAppender - info: message is correct 5
[WARN ] 2022-08-25 12:57:46.318 [main] Log4jAppender - warn: message is correct 5
[ERROR] 2022-08-25 12:57:46.318 [main] Log4jAppender - error: message is correct 5
[FATAL] 2022-08-25 12:57:46.318 [main] Log4jAppender - fatal: message is correct 5
[DEBUG] 2022-08-25 12:57:46.318 [main] Log4jAppender - Debug
[INFO ] 2022-08-25 12:57:46.319 [main] Log4jAppender - info: message is correct 6
[WARN ] 2022-08-25 12:57:46.319 [main] Log4jAppender - warn: message is correct 6
[ERROR] 2022-08-25 12:57:46.319 [main] Log4jAppender - error: message is correct 6
[FATAL] 2022-08-25 12:57:46.319 [main] Log4jAppender - fatal: message is correct 6
[DEBUG] 2022-08-25 12:57:46.320 [main] Log4jAppender - Debug
[INFO ] 2022-08-25 12:57:46.320 [main] Log4jAppender - info: message is correct 7
[WARN ] 2022-08-25 12:57:46.320 [main] Log4jAppender - warn: message is correct 7
[ERROR] 2022-08-25 12:57:46.320 [main] Log4jAppender - error: message is correct 7
[FATAL] 2022-08-25 12:57:46.320 [main] Log4jAppender - fatal: message is correct 7
[DEBUG] 2022-08-25 12:57:46.321 [main] Log4jAppender - Debug
[INFO ] 2022-08-25 12:57:46.321 [main] Log4jAppender - info: message is correct 8
[WARN ] 2022-08-25 12:57:46.321 [main] Log4jAppender - warn: message is correct 8
[ERROR] 2022-08-25 12:57:46.321 [main] Log4jAppender - error: message is correct 8
[FATAL] 2022-08-25 12:57:46.321 [main] Log4jAppender - fatal: message is correct 8
[DEBUG] 2022-08-25 12:57:46.322 [main] Log4jAppender - Debug
[INFO ] 2022-08-25 13:05:50.371 [main] Log4jAppender - info: message is correct 0
[WARN ] 2022-08-25 13:05:50.378 [main] Log4jAppender - warn: message is correct 0
[ERROR] 2022-08-25 13:05:50.378 [main] Log4jAppender - error: message is correct 0
[FATAL] 2022-08-25 13:05:50.379 [main] Log4jAppender - fatal: message is correct 0
[DEBUG] 2022-08-25 13:05:50.379 [main] Log4jAppender - Debug
[INFO ] 2022-08-25 13:05:50.379 [main] Log4jAppender - info: message is correct 1
[WARN ] 2022-08-25 13:05:50.379 [main] Log4jAppender - warn: message is correct 1
[ERROR] 2022-08-25 13:05:50.380 [main] Log4jAppender - error: message is correct 1
[FATAL] 2022-08-25 13:05:50.380 [main] Log4jAppender - fatal: message is correct 1
[DEBUG] 2022-08-25 13:05:50.380 [main] Log4jAppender - Debug
[INFO ] 2022-08-25 13:05:50.380 [main] Log4jAppender - info: message is correct 2
[WARN ] 2022-08-25 13:05:50.381 [main] Log4jAppender - warn: message is correct 2
[ERROR] 2022-08-25 13:05:50.381 [main] Log4jAppender - error: message is correct 2
[FATAL] 2022-08-25 13:05:50.381 [main] Log4jAppender - fatal: message is correct 2
[DEBUG] 2022-08-25 13:05:50.382 [main] Log4jAppender - Debug
[INFO ] 2022-08-25 13:05:50.382 [main] Log4jAppender - info: message is correct 3
[WARN ] 2022-08-25 13:05:50.382 [main] Log4jAppender - warn: message is correct 3
[ERROR] 2022-08-25 13:05:50.383 [main] Log4jAppender - error: message is correct 3
[FATAL] 2022-08-25 13:05:50.383 [main] Log4jAppender - fatal: message is correct 3
[DEBUG] 2022-08-25 13:05:50.383 [main] Log4jAppender - Debug
[INFO ] 2022-08-25 13:05:50.383 [main] Log4jAppender - info: message is correct 4
[WARN ] 2022-08-25 13:05:50.383 [main] Log4jAppender - warn: message is correct 4
[ERROR] 2022-08-25 13:05:50.383 [main] Log4jAppender - error: message is correct 4
[FATAL] 2022-08-25 13:05:50.384 [main] Log4jAppender - fatal: message is correct 4
[DEBUG] 2022-08-25 13:05:50.384 [main] Log4jAppender - Debug
[INFO ] 2022-08-25 13:05:50.384 [main] Log4jAppender - info: message is correct 5
[WARN ] 2022-08-25 13:05:50.384 [main] Log4jAppender - warn: message is correct 5
[ERROR] 2022-08-25 13:05:50.385 [main] Log4jAppender - error: message is correct 5
[FATAL] 2022-08-25 13:05:50.385 [main] Log4jAppender - fatal: message is correct 5
[DEBUG] 2022-08-25 13:05:50.385 [main] Log4jAppender - Debug
[INFO ] 2022-08-25 13:05:50.385 [main] Log4jAppender - info: message is correct 6
[WARN ] 2022-08-25 13:05:50.386 [main] Log4jAppender - warn: message is correct 6
[ERROR] 2022-08-25 13:05:50.386 [main] Log4jAppender - error: message is correct 6
[FATAL] 2022-08-25 13:05:50.386 [main] Log4jAppender - fatal: message is correct 6
[DEBUG] 2022-08-25 13:05:50.386 [main] Log4jAppender - Debug
[INFO ] 2022-08-25 13:08:00.445 [main] Log4jAppender - info: message is correct 0
[WARN ] 2022-08-25 13:08:00.453 [main] Log4jAppender - warn: message is correct 0
[ERROR] 2022-08-25 13:08:00.454 [main] Log4jAppender - error: message is correct 0
[FATAL] 2022-08-25 13:08:00.455 [main] Log4jAppender - fatal: message is correct 0
[DEBUG] 2022-08-25 13:08:00.455 [main] Log4jAppender - Debug
[INFO ] 2022-08-25 13:08:00.455 [main] Log4jAppender - info: message is correct 1
[WARN ] 2022-08-25 13:08:00.456 [main] Log4jAppender - warn: message is correct 1
[ERROR] 2022-08-25 13:08:00.456 [main] Log4jAppender - error: message is correct 1
[FATAL] 2022-08-25 13:08:00.457 [main] Log4jAppender - fatal: message is correct 1
[DEBUG] 2022-08-25 13:08:00.457 [main] Log4jAppender - Debug
[INFO ] 2022-08-25 13:08:00.457 [main] Log4jAppender - info: message is correct 2
[WARN ] 2022-08-25 13:08:00.458 [main] Log4jAppender - warn: message is correct 2
[ERROR] 2022-08-25 13:08:00.458 [main] Log4jAppender - error: message is correct 2
[FATAL] 2022-08-25 13:08:00.459 [main] Log4jAppender - fatal: message is correct 2
[DEBUG] 2022-08-25 13:08:00.459 [main] Log4jAppender - Debug
[INFO ] 2022-08-25 13:09:56.978 [main] Log4jAppender - info: message is correct 0
[WARN ] 2022-08-25 13:09:56.991 [main] Log4jAppender - warn: message is correct 0
[ERROR] 2022-08-25 13:09:56.992 [main] Log4jAppender - error: message is correct 0
[FATAL] 2022-08-25 13:09:56.993 [main] Log4jAppender - fatal: message is correct 0
[DEBUG] 2022-08-25 13:09:56.994 [main] Log4jAppender - Debug
[INFO ] 2022-08-25 13:09:56.995 [main] Log4jAppender - info: message is correct 1
[WARN ] 2022-08-25 13:09:56.995 [main] Log4jAppender - warn: message is correct 1
[ERROR] 2022-08-25 13:09:56.996 [main] Log4jAppender - error: message is correct 1
[FATAL] 2022-08-25 13:09:56.996 [main] Log4jAppender - fatal: message is correct 1
[DEBUG] 2022-08-25 13:09:56.996 [main] Log4jAppender - Debug
[INFO ] 2022-08-25 13:09:56.997 [main] Log4jAppender - info: message is correct 2
[WARN ] 2022-08-25 13:09:56.997 [main] Log4jAppender - warn: message is correct 2
[ERROR] 2022-08-25 13:09:56.997 [main] Log4jAppender - error: message is correct 2
[FATAL] 2022-08-25 13:09:56.998 [main] Log4jAppender - fatal: message is correct 2
[DEBUG] 2022-08-25 13:09:56.998 [main] Log4jAppender - Debug
[INFO ] 2022-08-25 13:09:56.998 [main] Log4jAppender - info: message is correct 3
[WARN ] 2022-08-25 13:09:56.999 [main] Log4jAppender - warn: message is correct 3
[ERROR] 2022-08-25 13:09:56.999 [main] Log4jAppender - error: message is correct 3
[FATAL] 2022-08-25 13:09:56.999 [main] Log4jAppender - fatal: message is correct 3
[DEBUG] 2022-08-25 13:09:57.000 [main] Log4jAppender - Debug
[ERROR] 2022-08-25 15:53:38.120 [main] Log4jAppender - error: message is correct 0
[FATAL] 2022-08-25 15:53:38.123 [main] Log4jAppender - fatal: message is correct 0
[ERROR] 2022-08-25 15:53:38.124 [main] Log4jAppender - error: message is correct 1
[FATAL] 2022-08-25 15:53:38.124 [main] Log4jAppender - fatal: message is correct 1
[ERROR] 2022-08-25 15:53:38.124 [main] Log4jAppender - error: message is correct 2
[FATAL] 2022-08-25 15:53:38.124 [main] Log4jAppender - fatal: message is correct 2
[ERROR] 2022-08-25 15:53:38.124 [main] Log4jAppender - error: message is correct 3
[FATAL] 2022-08-25 15:53:38.124 [main] Log4jAppender - fatal: message is correct 3
[ERROR] 2022-08-25 15:53:38.124 [main] Log4jAppender - error: message is correct 4
[FATAL] 2022-08-25 15:53:38.124 [main] Log4jAppender - fatal: message is correct 4
[ERROR] 2022-08-25 15:53:38.125 [main] Log4jAppender - error: message is correct 5
[FATAL] 2022-08-25 15:53:38.125 [main] Log4jAppender - fatal: message is correct 5
[ERROR] 2022-08-25 15:53:38.125 [main] Log4jAppender - error: message is correct 6
[FATAL] 2022-08-25 15:53:38.125 [main] Log4jAppender - fatal: message is correct 6
[ERROR] 2022-08-25 15:53:38.125 [main] Log4jAppender - error: message is correct 7
[FATAL] 2022-08-25 15:53:38.125 [main] Log4jAppender - fatal: message is correct 7
[ERROR] 2022-08-25 15:53:38.125 [main] Log4jAppender - error: message is correct 8
[FATAL] 2022-08-25 15:53:38.126 [main] Log4jAppender - fatal: message is correct 8
[ERROR] 2022-08-25 15:53:51.415 [main] Log4jAppender - error: message is correct 0
[FATAL] 2022-08-25 15:53:51.419 [main] Log4jAppender - fatal: message is correct 0
[ERROR] 2022-08-25 15:53:51.419 [main] Log4jAppender - error: message is correct 1
[FATAL] 2022-08-25 15:53:51.420 [main] Log4jAppender - fatal: message is correct 1
[ERROR] 2022-08-25 15:53:51.420 [main] Log4jAppender - error: message is correct 2
[FATAL] 2022-08-25 15:53:51.420 [main] Log4jAppender - fatal: message is correct 2
[ERROR] 2022-08-25 15:53:51.420 [main] Log4jAppender - error: message is correct 3
[FATAL] 2022-08-25 15:53:51.420 [main] Log4jAppender - fatal: message is correct 3
[INFO ] 2022-08-25 15:57:51.988 [main] Log4jAppender - info: message is correct 0
[WARN ] 2022-08-25 15:57:51.998 [main] Log4jAppender - warn: message is correct 0
[ERROR] 2022-08-25 15:57:51.998 [main] Log4jAppender - error: message is correct 0
[FATAL] 2022-08-25 15:57:51.999 [main] Log4jAppender - fatal: message is correct 0
[DEBUG] 2022-08-25 15:57:51.999 [main] Log4jAppender - Debug
[INFO ] 2022-08-25 15:57:51.999 [main] Log4jAppender - info: message is correct 1
[WARN ] 2022-08-25 15:57:52.000 [main] Log4jAppender - warn: message is correct 1
[ERROR] 2022-08-25 15:57:52.001 [main] Log4jAppender - error: message is correct 1
[FATAL] 2022-08-25 15:57:52.001 [main] Log4jAppender - fatal: message is correct 1
[DEBUG] 2022-08-25 15:57:52.001 [main] Log4jAppender - Debug
[INFO ] 2022-08-25 15:57:52.002 [main] Log4jAppender - info: message is correct 2
[WARN ] 2022-08-25 15:57:52.002 [main] Log4jAppender - warn: message is correct 2
[ERROR] 2022-08-25 15:57:52.002 [main] Log4jAppender - error: message is correct 2
[FATAL] 2022-08-25 15:57:52.003 [main] Log4jAppender - fatal: message is correct 2
[DEBUG] 2022-08-25 15:57:52.003 [main] Log4jAppender - Debug
[INFO ] 2022-08-25 15:57:52.003 [main] Log4jAppender - info: message is correct 3
[WARN ] 2022-08-25 15:57:52.003 [main] Log4jAppender - warn: message is correct 3
[ERROR] 2022-08-25 15:57:52.004 [main] Log4jAppender - error: message is correct 3
[FATAL] 2022-08-25 15:57:52.004 [main] Log4jAppender - fatal: message is correct 3
[DEBUG] 2022-08-25 15:57:52.004 [main] Log4jAppender - Debug
[INFO ] 2022-08-25 15:57:52.004 [main] Log4jAppender - info: message is correct 4
[WARN ] 2022-08-25 15:57:52.004 [main] Log4jAppender - warn: message is correct 4
[ERROR] 2022-08-25 15:57:52.005 [main] Log4jAppender - error: message is correct 4
[FATAL] 2022-08-25 15:57:52.005 [main] Log4jAppender - fatal: message is correct 4
[DEBUG] 2022-08-25 15:57:52.005 [main] Log4jAppender - Debug
[INFO ] 2022-08-25 15:57:52.005 [main] Log4jAppender - info: message is correct 5
[WARN ] 2022-08-25 15:57:52.005 [main] Log4jAppender - warn: message is correct 5
[ERROR] 2022-08-25 15:57:52.005 [main] Log4jAppender - error: message is correct 5
[FATAL] 2022-08-25 15:57:52.005 [main] Log4jAppender - fatal: message is correct 5
[DEBUG] 2022-08-25 15:57:52.005 [main] Log4jAppender - Debug
[INFO ] 2022-08-25 15:57:52.006 [main] Log4jAppender - info: message is correct 6
[WARN ] 2022-08-25 15:57:52.006 [main] Log4jAppender - warn: message is correct 6
[ERROR] 2022-08-25 15:57:52.006 [main] Log4jAppender - error: message is correct 6
[FATAL] 2022-08-25 15:57:52.006 [main] Log4jAppender - fatal: message is correct 6
[DEBUG] 2022-08-25 15:57:52.006 [main] Log4jAppender - Debug
[INFO ] 2022-08-25 15:57:52.006 [main] Log4jAppender - info: message is correct 7
[WARN ] 2022-08-25 15:57:52.006 [main] Log4jAppender - warn: message is correct 7
[ERROR] 2022-08-25 15:57:52.007 [main] Log4jAppender - error: message is correct 7
[FATAL] 2022-08-25 15:57:52.007 [main] Log4jAppender - fatal: message is correct 7
[DEBUG] 2022-08-25 15:57:52.007 [main] Log4jAppender - Debug
[INFO ] 2022-08-25 15:57:52.007 [main] Log4jAppender - info: message is correct 8
[WARN ] 2022-08-25 15:57:52.007 [main] Log4jAppender - warn: message is correct 8
[ERROR] 2022-08-25 15:57:52.007 [main] Log4jAppender - error: message is correct 8
[FATAL] 2022-08-25 15:57:52.008 [main] Log4jAppender - fatal: message is correct 8
[DEBUG] 2022-08-25 15:57:52.008 [main] Log4jAppender - Debug
[INFO ] 2022-08-25 15:57:52.008 [main] Log4jAppender - info: message is correct 9
[WARN ] 2022-08-25 15:57:52.008 [main] Log4jAppender - warn: message is correct 9
[ERROR] 2022-08-25 15:57:52.008 [main] Log4jAppender - error: message is correct 9
[FATAL] 2022-08-25 15:57:52.008 [main] Log4jAppender - fatal: message is correct 9
[DEBUG] 2022-08-25 15:57:52.009 [main] Log4jAppender - Debug
[INFO ] 2022-08-25 16:06:39.630 [main] Log4jAppender - info: message is correct 0
[WARN ] 2022-08-25 16:06:39.635 [main] Log4jAppender - warn: message is correct 0
[ERROR] 2022-08-25 16:06:39.636 [main] Log4jAppender - error: message is correct 0
[FATAL] 2022-08-25 16:06:39.636 [main] Log4jAppender - fatal: message is correct 0
[DEBUG] 2022-08-25 16:06:39.636 [main] Log4jAppender - Debug
[INFO ] 2022-08-25 16:06:39.636 [main] Log4jAppender - info: message is correct 1
[WARN ] 2022-08-25 16:06:39.637 [main] Log4jAppender - warn: message is correct 1
[ERROR] 2022-08-25 16:06:39.637 [main] Log4jAppender - error: message is correct 1
[FATAL] 2022-08-25 16:06:39.637 [main] Log4jAppender - fatal: message is correct 1
[DEBUG] 2022-08-25 16:06:39.637 [main] Log4jAppender - Debug
[INFO ] 2022-08-25 16:06:39.637 [main] Log4jAppender - info: message is correct 2
[WARN ] 2022-08-25 16:06:39.637 [main] Log4jAppender - warn: message is correct 2
[ERROR] 2022-08-25 16:06:39.638 [main] Log4jAppender - error: message is correct 2
[FATAL] 2022-08-25 16:06:39.638 [main] Log4jAppender - fatal: message is correct 2
[DEBUG] 2022-08-25 16:06:39.638 [main] Log4jAppender - Debug
[INFO ] 2022-08-25 16:06:39.638 [main] Log4jAppender - info: message is correct 3
[WARN ] 2022-08-25 16:06:39.638 [main] Log4jAppender - warn: message is correct 3
[ERROR] 2022-08-25 16:06:39.638 [main] Log4jAppender - error: message is correct 3
[FATAL] 2022-08-25 16:06:39.639 [main] Log4jAppender - fatal: message is correct 3
[DEBUG] 2022-08-25 16:06:39.639 [main] Log4jAppender - Debug
[INFO ] 2022-08-25 16:06:39.639 [main] Log4jAppender - info: message is correct 4
[WARN ] 2022-08-25 16:06:39.639 [main] Log4jAppender - warn: message is correct 4
[ERROR] 2022-08-25 16:06:39.639 [main] Log4jAppender - error: message is correct 4
[FATAL] 2022-08-25 16:06:39.639 [main] Log4jAppender - fatal: message is correct 4
[DEBUG] 2022-08-25 16:06:39.640 [main] Log4jAppender - Debug
[INFO ] 2022-08-25 16:06:39.640 [main] Log4jAppender - info: message is correct 5
[WARN ] 2022-08-25 16:06:39.640 [main] Log4jAppender - warn: message is correct 5
[ERROR] 2022-08-25 16:06:39.640 [main] Log4jAppender - error: message is correct 5
[FATAL] 2022-08-25 16:06:39.640 [main] Log4jAppender - fatal: message is correct 5
[DEBUG] 2022-08-25 16:06:39.641 [main] Log4jAppender - Debug
[INFO ] 2022-08-25 16:06:39.641 [main] Log4jAppender - info: message is correct 6
[WARN ] 2022-08-25 16:06:39.641 [main] Log4jAppender - warn: message is correct 6
[ERROR] 2022-08-25 16:06:39.641 [main] Log4jAppender - error: message is correct 6
[FATAL] 2022-08-25 16:06:39.641 [main] Log4jAppender - fatal: message is correct 6
[DEBUG] 2022-08-25 16:06:39.642 [main] Log4jAppender - Debug
[INFO ] 2022-08-25 16:11:19.559 [main] Log4jAppender - info: message is correct 0
[WARN ] 2022-08-25 16:11:19.562 [main] Log4jAppender - warn: message is correct 0
[ERROR] 2022-08-25 16:11:19.562 [main] Log4jAppender - error: message is correct 0
[FATAL] 2022-08-25 16:11:19.563 [main] Log4jAppender - fatal: message is correct 0
[DEBUG] 2022-08-25 16:11:19.563 [main] Log4jAppender - Debug
[INFO ] 2022-08-25 16:11:19.563 [main] Log4jAppender - info: message is correct 1
[WARN ] 2022-08-25 16:11:19.563 [main] Log4jAppender - warn: message is correct 1
[ERROR] 2022-08-25 16:11:19.563 [main] Log4jAppender - error: message is correct 1
[FATAL] 2022-08-25 16:11:19.563 [main] Log4jAppender - fatal: message is correct 1
[DEBUG] 2022-08-25 16:11:19.564 [main] Log4jAppender - Debug
[INFO ] 2022-08-25 16:11:19.564 [main] Log4jAppender - info: message is correct 2
[WARN ] 2022-08-25 16:11:19.564 [main] Log4jAppender - warn: message is correct 2
[ERROR] 2022-08-25 16:11:19.564 [main] Log4jAppender - error: message is correct 2
[FATAL] 2022-08-25 16:11:19.564 [main] Log4jAppender - fatal: message is correct 2
[DEBUG] 2022-08-25 16:11:19.565 [main] Log4jAppender - Debug
[INFO ] 2022-08-25 16:11:19.565 [main] Log4jAppender - info: message is correct 3
[WARN ] 2022-08-25 16:11:19.565 [main] Log4jAppender - warn: message is correct 3
[ERROR] 2022-08-25 16:11:19.565 [main] Log4jAppender - error: message is correct 3
[FATAL] 2022-08-25 16:11:19.565 [main] Log4jAppender - fatal: message is correct 3
[DEBUG] 2022-08-25 16:11:19.566 [main] Log4jAppender - Debug
[INFO ] 2022-08-25 16:11:19.566 [main] Log4jAppender - info: message is correct 4
[WARN ] 2022-08-25 16:11:19.566 [main] Log4jAppender - warn: message is correct 4
[ERROR] 2022-08-25 16:11:19.566 [main] Log4jAppender - error: message is correct 4
[FATAL] 2022-08-25 16:11:19.566 [main] Log4jAppender - fatal: message is correct 4
[DEBUG] 2022-08-25 16:11:19.566 [main] Log4jAppender - Debug
[INFO ] 2022-08-25 16:14:25.357 [main] Log4jAppender - info: message is correct 0
[WARN ] 2022-08-25 16:14:25.361 [main] Log4jAppender - warn: message is correct 0
[ERROR] 2022-08-25 16:14:25.361 [main] Log4jAppender - error: message is correct 0
[FATAL] 2022-08-25 16:14:25.362 [main] Log4jAppender - fatal: message is correct 0
[DEBUG] 2022-08-25 16:14:25.362 [main] Log4jAppender - Debug
[DEBUG] 2022-08-25 16:14:25.362 [main] Log4jAppender - Debug
[INFO ] 2022-08-25 16:14:25.362 [main] Log4jAppender - info: message is correct 1
[WARN ] 2022-08-25 16:14:25.363 [main] Log4jAppender - warn: message is correct 1
[ERROR] 2022-08-25 16:14:25.363 [main] Log4jAppender - error: message is correct 1
[FATAL] 2022-08-25 16:14:25.363 [main] Log4jAppender - fatal: message is correct 1
[DEBUG] 2022-08-25 16:14:25.363 [main] Log4jAppender - Debug
[DEBUG] 2022-08-25 16:14:25.363 [main] Log4jAppender - Debug
[INFO ] 2022-08-25 16:22:31.653 [main] Log4jAppender - info: message is correct 0
[WARN ] 2022-08-25 16:22:31.657 [main] Log4jAppender - warn: message is correct 0
[ERROR] 2022-08-25 16:22:31.657 [main] Log4jAppender - error: message is correct 0
[FATAL] 2022-08-25 16:22:31.657 [main] Log4jAppender - fatal: message is correct 0
[DEBUG] 2022-08-25 16:22:31.657 [main] Log4jAppender - Debug
[INFO ] 2022-08-25 16:22:31.657 [main] Log4jAppender - info: message is correct 1
[WARN ] 2022-08-25 16:22:31.657 [main] Log4jAppender - warn: message is correct 1
[ERROR] 2022-08-25 16:22:31.658 [main] Log4jAppender - error: message is correct 1
[FATAL] 2022-08-25 16:22:31.658 [main] Log4jAppender - fatal: message is correct 1
[DEBUG] 2022-08-25 16:22:31.658 [main] Log4jAppender - Debug
[INFO ] 2022-08-25 16:22:31.658 [main] Log4jAppender - info: message is correct 2
[WARN ] 2022-08-25 16:22:31.658 [main] Log4jAppender - warn: message is correct 2
[ERROR] 2022-08-25 16:22:31.658 [main] Log4jAppender - error: message is correct 2
[FATAL] 2022-08-25 16:22:31.658 [main] Log4jAppender - fatal: message is correct 2
[DEBUG] 2022-08-25 16:22:31.658 [main] Log4jAppender - Debug
[INFO ] 2022-08-25 16:22:31.658 [main] Log4jAppender - info: message is correct 3
[WARN ] 2022-08-25 16:22:31.659 [main] Log4jAppender - warn: message is correct 3
[ERROR] 2022-08-25 16:22:31.659 [main] Log4jAppender - error: message is correct 3
[FATAL] 2022-08-25 16:22:31.659 [main] Log4jAppender - fatal: message is correct 3
[DEBUG] 2022-08-25 16:22:31.659 [main] Log4jAppender - Debug
[INFO ] 2022-08-25 16:22:31.659 [main] Log4jAppender - info: message is correct 4
[WARN ] 2022-08-25 16:22:31.659 [main] Log4jAppender - warn: message is correct 4
[ERROR] 2022-08-25 16:22:31.659 [main] Log4jAppender - error: message is correct 4
[FATAL] 2022-08-25 16:22:31.659 [main] Log4jAppender - fatal: message is correct 4
[DEBUG] 2022-08-25 16:22:31.659 [main] Log4jAppender - Debug
[INFO ] 2022-08-25 16:22:31.660 [main] Log4jAppender - info: message is correct 5
[WARN ] 2022-08-25 16:22:31.660 [main] Log4jAppender - warn: message is correct 5
[ERROR] 2022-08-25 16:22:31.660 [main] Log4jAppender - error: message is correct 5
[FATAL] 2022-08-25 16:22:31.660 [main] Log4jAppender - fatal: message is correct 5
[DEBUG] 2022-08-25 16:22:31.660 [main] Log4jAppender - Debug
[INFO ] 2022-08-25 16:22:31.660 [main] Log4jAppender - info: message is correct 6
[WARN ] 2022-08-25 16:22:31.660 [main] Log4jAppender - warn: message is correct 6
[ERROR] 2022-08-25 16:22:31.660 [main] Log4jAppender - error: message is correct 6
[FATAL] 2022-08-25 16:22:31.661 [main] Log4jAppender - fatal: message is correct 6
[DEBUG] 2022-08-25 16:22:31.661 [main] Log4jAppender - Debug
[INFO ] 2022-08-25 16:23:13.750 [main] Log4jAppender - info: message is correct 0
[WARN ] 2022-08-25 16:23:13.753 [main] Log4jAppender - warn: message is correct 0
[ERROR] 2022-08-25 16:23:13.754 [main] Log4jAppender - error: message is correct 0
[FATAL] 2022-08-25 16:23:13.754 [main] Log4jAppender - fatal: message is correct 0
[DEBUG] 2022-08-25 16:23:13.754 [main] Log4jAppender - Debug
[INFO ] 2022-08-25 16:23:13.754 [main] Log4jAppender - info: message is correct 1
[WARN ] 2022-08-25 16:23:13.754 [main] Log4jAppender - warn: message is correct 1
[ERROR] 2022-08-25 16:23:13.754 [main] Log4jAppender - error: message is correct 1
[FATAL] 2022-08-25 16:23:13.754 [main] Log4jAppender - fatal: message is correct 1
[DEBUG] 2022-08-25 16:23:13.754 [main] Log4jAppender - Debug
[INFO ] 2022-08-25 16:23:13.755 [main] Log4jAppender - info: message is correct 2
[WARN ] 2022-08-25 16:23:13.755 [main] Log4jAppender - warn: message is correct 2
[ERROR] 2022-08-25 16:23:13.755 [main] Log4jAppender - error: message is correct 2
[FATAL] 2022-08-25 16:23:13.755 [main] Log4jAppender - fatal: message is correct 2
[DEBUG] 2022-08-25 16:23:13.755 [main] Log4jAppender - Debug
[INFO ] 2022-08-25 16:23:13.755 [main] Log4jAppender - info: message is correct 3
[WARN ] 2022-08-25 16:23:13.755 [main] Log4jAppender - warn: message is correct 3
[ERROR] 2022-08-25 16:23:13.755 [main] Log4jAppender - error: message is correct 3
[FATAL] 2022-08-25 16:23:13.755 [main] Log4jAppender - fatal: message is correct 3
[DEBUG] 2022-08-25 16:23:13.756 [main] Log4jAppender - Debug
[INFO ] 2022-08-25 16:23:13.756 [main] Log4jAppender - info: message is correct 4
[WARN ] 2022-08-25 16:23:13.756 [main] Log4jAppender - warn: message is correct 4
[ERROR] 2022-08-25 16:23:13.756 [main] Log4jAppender - error: message is correct 4
[FATAL] 2022-08-25 16:23:13.756 [main] Log4jAppender - fatal: message is correct 4
[DEBUG] 2022-08-25 16:23:13.756 [main] Log4jAppender - Debug
[INFO ] 2022-08-25 16:23:13.756 [main] Log4jAppender - info: message is correct 5
[WARN ] 2022-08-25 16:23:13.756 [main] Log4jAppender - warn: message is correct 5
[ERROR] 2022-08-25 16:23:13.756 [main] Log4jAppender - error: message is correct 5
[FATAL] 2022-08-25 16:23:13.757 [main] Log4jAppender - fatal: message is correct 5
[DEBUG] 2022-08-25 16:23:13.757 [main] Log4jAppender - Debug
[INFO ] 2022-08-25 16:23:13.757 [main] Log4jAppender - info: message is correct 6
[WARN ] 2022-08-25 16:23:13.757 [main] Log4jAppender - warn: message is correct 6
[ERROR] 2022-08-25 16:23:13.757 [main] Log4jAppender - error: message is correct 6
[FATAL] 2022-08-25 16:23:13.757 [main] Log4jAppender - fatal: message is correct 6
[DEBUG] 2022-08-25 16:23:13.757 [main] Log4jAppender - Debug
[INFO ] 2022-08-25 16:23:13.757 [main] Log4jAppender - info: message is correct 7
[WARN ] 2022-08-25 16:23:13.758 [main] Log4jAppender - warn: message is correct 7
[ERROR] 2022-08-25 16:23:13.758 [main] Log4jAppender - error: message is correct 7
[FATAL] 2022-08-25 16:23:13.758 [main] Log4jAppender - fatal: message is correct 7
[DEBUG] 2022-08-25 16:23:13.758 [main] Log4jAppender - Debug
[INFO ] 2022-08-25 16:26:11.625 [main] Log4jAppender - info: message is correct 0
[WARN ] 2022-08-25 16:26:11.630 [main] Log4jAppender - warn: message is correct 0
[ERROR] 2022-08-25 16:26:11.630 [main] Log4jAppender - error: message is correct 0
[FATAL] 2022-08-25 16:26:11.631 [main] Log4jAppender - fatal: message is correct 0
[DEBUG] 2022-08-25 16:26:11.631 [main] Log4jAppender - Debug
[INFO ] 2022-08-25 16:26:11.631 [main] Log4jAppender - info: message is correct 1
[WARN ] 2022-08-25 16:26:11.631 [main] Log4jAppender - warn: message is correct 1
[ERROR] 2022-08-25 16:26:11.631 [main] Log4jAppender - error: message is correct 1
[FATAL] 2022-08-25 16:26:11.631 [main] Log4jAppender - fatal: message is correct 1
[DEBUG] 2022-08-25 16:26:11.631 [main] Log4jAppender - Debug
[INFO ] 2022-08-25 16:26:11.632 [main] Log4jAppender - info: message is correct 2
[WARN ] 2022-08-25 16:26:11.632 [main] Log4jAppender - warn: message is correct 2
[ERROR] 2022-08-25 16:26:11.632 [main] Log4jAppender - error: message is correct 2
[FATAL] 2022-08-25 16:26:11.632 [main] Log4jAppender - fatal: message is correct 2
[DEBUG] 2022-08-25 16:26:11.632 [main] Log4jAppender - Debug
[INFO ] 2022-08-25 16:26:11.632 [main] Log4jAppender - info: message is correct 3
[WARN ] 2022-08-25 16:26:11.632 [main] Log4jAppender - warn: message is correct 3
[ERROR] 2022-08-25 16:26:11.632 [main] Log4jAppender - error: message is correct 3
[FATAL] 2022-08-25 16:26:11.633 [main] Log4jAppender - fatal: message is correct 3
[DEBUG] 2022-08-25 16:26:11.633 [main] Log4jAppender - Debug
[INFO ] 2022-08-25 16:26:11.633 [main] Log4jAppender - info: message is correct 4
[WARN ] 2022-08-25 16:26:11.633 [main] Log4jAppender - warn: message is correct 4
[ERROR] 2022-08-25 16:26:11.633 [main] Log4jAppender - error: message is correct 4
[FATAL] 2022-08-25 16:26:11.633 [main] Log4jAppender - fatal: message is correct 4
[DEBUG] 2022-08-25 16:26:11.633 [main] Log4jAppender - Debug
[INFO ] 2022-08-25 16:26:11.633 [main] Log4jAppender - info: message is correct 5
[WARN ] 2022-08-25 16:26:11.633 [main] Log4jAppender - warn: message is correct 5
[ERROR] 2022-08-25 16:26:11.634 [main] Log4jAppender - error: message is correct 5
[FATAL] 2022-08-25 16:26:11.634 [main] Log4jAppender - fatal: message is correct 5
[DEBUG] 2022-08-25 16:26:11.634 [main] Log4jAppender - Debug
[INFO ] 2022-08-25 16:26:11.634 [main] Log4jAppender - info: message is correct 6
[WARN ] 2022-08-25 16:26:11.634 [main] Log4jAppender - warn: message is correct 6
[ERROR] 2022-08-25 16:26:11.634 [main] Log4jAppender - error: message is correct 6
[FATAL] 2022-08-25 16:26:11.634 [main] Log4jAppender - fatal: message is correct 6
[DEBUG] 2022-08-25 16:26:11.634 [main] Log4jAppender - Debug
[INFO ] 2022-08-25 16:26:11.634 [main] Log4jAppender - info: message is correct 7
[WARN ] 2022-08-25 16:26:11.635 [main] Log4jAppender - warn: message is correct 7
[ERROR] 2022-08-25 16:26:11.635 [main] Log4jAppender - error: message is correct 7
[FATAL] 2022-08-25 16:26:11.635 [main] Log4jAppender - fatal: message is correct 7
[DEBUG] 2022-08-25 16:26:11.635 [main] Log4jAppender - Debug
[INFO ] 2022-08-25 16:26:11.635 [main] Log4jAppender - info: message is correct 8
[WARN ] 2022-08-25 16:26:11.635 [main] Log4jAppender - warn: message is correct 8
[ERROR] 2022-08-25 16:26:11.635 [main] Log4jAppender - error: message is correct 8
[FATAL] 2022-08-25 16:26:11.635 [main] Log4jAppender - fatal: message is correct 8
[DEBUG] 2022-08-25 16:26:11.635 [main] Log4jAppender - Debug
[INFO ] 2022-08-25 16:26:11.636 [main] Log4jAppender - info: message is correct 9
[WARN ] 2022-08-25 16:26:11.636 [main] Log4jAppender - warn: message is correct 9
[ERROR] 2022-08-25 16:26:11.636 [main] Log4jAppender - error: message is correct 9
[FATAL] 2022-08-25 16:26:11.636 [main] Log4jAppender - fatal: message is correct 9
[DEBUG] 2022-08-25 16:26:11.636 [main] Log4jAppender - Debug
[INFO ] 2022-08-25 16:27:11.841 [main] Log4jAppender - info: message is correct 0
[WARN ] 2022-08-25 16:27:11.844 [main] Log4jAppender - warn: message is correct 0
[ERROR] 2022-08-25 16:27:11.845 [main] Log4jAppender - error: message is correct 0
[FATAL] 2022-08-25 16:27:11.845 [main] Log4jAppender - fatal: message is correct 0
[DEBUG] 2022-08-25 16:27:11.845 [main] Log4jAppender - Debug
[INFO ] 2022-08-25 16:27:11.845 [main] Log4jAppender - info: message is correct 1
[WARN ] 2022-08-25 16:27:11.845 [main] Log4jAppender - warn: message is correct 1
[ERROR] 2022-08-25 16:27:11.845 [main] Log4jAppender - error: message is correct 1
[FATAL] 2022-08-25 16:27:11.845 [main] Log4jAppender - fatal: message is correct 1
[DEBUG] 2022-08-25 16:27:11.846 [main] Log4jAppender - Debug
[INFO ] 2022-08-25 16:27:11.846 [main] Log4jAppender - info: message is correct 2
[WARN ] 2022-08-25 16:27:11.846 [main] Log4jAppender - warn: message is correct 2
[ERROR] 2022-08-25 16:27:11.846 [main] Log4jAppender - error: message is correct 2
[FATAL] 2022-08-25 16:27:11.846 [main] Log4jAppender - fatal: message is correct 2
[DEBUG] 2022-08-25 16:27:11.846 [main] Log4jAppender - Debug
[INFO ] 2022-08-25 16:27:11.846 [main] Log4jAppender - info: message is correct 3
[WARN ] 2022-08-25 16:27:11.846 [main] Log4jAppender - warn: message is correct 3
[ERROR] 2022-08-25 16:27:11.846 [main] Log4jAppender - error: message is correct 3
[FATAL] 2022-08-25 16:27:11.847 [main] Log4jAppender - fatal: message is correct 3
[DEBUG] 2022-08-25 16:27:11.847 [main] Log4jAppender - Debug
[INFO ] 2022-08-25 16:27:11.847 [main] Log4jAppender - info: message is correct 4
[WARN ] 2022-08-25 16:27:11.847 [main] Log4jAppender - warn: message is correct 4
[ERROR] 2022-08-25 16:27:11.847 [main] Log4jAppender - error: message is correct 4
[FATAL] 2022-08-25 16:27:11.847 [main] Log4jAppender - fatal: message is correct 4
[DEBUG] 2022-08-25 16:27:11.847 [main] Log4jAppender - Debug
[INFO ] 2022-08-25 16:27:11.847 [main] Log4jAppender - info: message is correct 5
[WARN ] 2022-08-25 16:27:11.847 [main] Log4jAppender - warn: message is correct 5
[ERROR] 2022-08-25 16:27:11.847 [main] Log4jAppender - error: message is correct 5
[FATAL] 2022-08-25 16:27:11.848 [main] Log4jAppender - fatal: message is correct 5
[DEBUG] 2022-08-25 16:27:11.848 [main] Log4jAppender - Debug
[INFO ] 2022-08-25 16:27:11.848 [main] Log4jAppender - info: message is correct 6
[WARN ] 2022-08-25 16:27:11.848 [main] Log4jAppender - warn: message is correct 6
[ERROR] 2022-08-25 16:27:11.848 [main] Log4jAppender - error: message is correct 6
[FATAL] 2022-08-25 16:27:11.848 [main] Log4jAppender - fatal: message is correct 6
[DEBUG] 2022-08-25 16:27:11.848 [main] Log4jAppender - Debug
[INFO ] 2022-08-25 16:27:30.545 [main] Log4jAppender - info: message is correct 0
[WARN ] 2022-08-25 16:27:30.549 [main] Log4jAppender - warn: message is correct 0
[ERROR] 2022-08-25 16:27:30.549 [main] Log4jAppender - error: message is correct 0
[FATAL] 2022-08-25 16:27:30.550 [main] Log4jAppender - fatal: message is correct 0
[DEBUG] 2022-08-25 16:27:30.550 [main] Log4jAppender - Debug
[INFO ] 2022-08-25 16:27:30.550 [main] Log4jAppender - info: message is correct 1
[WARN ] 2022-08-25 16:27:30.550 [main] Log4jAppender - warn: message is correct 1
[ERROR] 2022-08-25 16:27:30.550 [main] Log4jAppender - error: message is correct 1
[FATAL] 2022-08-25 16:27:30.550 [main] Log4jAppender - fatal: message is correct 1
[DEBUG] 2022-08-25 16:27:30.550 [main] Log4jAppender - Debug
[INFO ] 2022-08-25 16:27:30.550 [main] Log4jAppender - info: message is correct 2
[WARN ] 2022-08-25 16:27:30.550 [main] Log4jAppender - warn: message is correct 2
[ERROR] 2022-08-25 16:27:30.551 [main] Log4jAppender - error: message is correct 2
[FATAL] 2022-08-25 16:27:30.551 [main] Log4jAppender - fatal: message is correct 2
[DEBUG] 2022-08-25 16:27:30.551 [main] Log4jAppender - Debug
[INFO ] 2022-08-25 16:27:30.551 [main] Log4jAppender - info: message is correct 3
[WARN ] 2022-08-25 16:27:30.551 [main] Log4jAppender - warn: message is correct 3
[ERROR] 2022-08-25 16:27:30.551 [main] Log4jAppender - error: message is correct 3
[FATAL] 2022-08-25 16:27:30.551 [main] Log4jAppender - fatal: message is correct 3
[DEBUG] 2022-08-25 16:27:30.551 [main] Log4jAppender - Debug
[INFO ] 2022-08-25 16:27:30.551 [main] Log4jAppender - info: message is correct 4
[WARN ] 2022-08-25 16:27:30.552 [main] Log4jAppender - warn: message is correct 4
[ERROR] 2022-08-25 16:27:30.552 [main] Log4jAppender - error: message is correct 4
[FATAL] 2022-08-25 16:27:30.552 [main] Log4jAppender - fatal: message is correct 4
[DEBUG] 2022-08-25 16:27:30.552 [main] Log4jAppender - Debug
[INFO ] 2022-08-25 16:27:30.552 [main] Log4jAppender - info: message is correct 5
[WARN ] 2022-08-25 16:27:30.552 [main] Log4jAppender - warn: message is correct 5
[ERROR] 2022-08-25 16:27:30.553 [main] Log4jAppender - error: message is correct 5
[FATAL] 2022-08-25 16:27:30.553 [main] Log4jAppender - fatal: message is correct 5
[DEBUG] 2022-08-25 16:27:30.553 [main] Log4jAppender - Debug
[INFO ] 2022-08-25 16:27:30.553 [main] Log4jAppender - info: message is correct 6
[WARN ] 2022-08-25 16:27:30.553 [main] Log4jAppender - warn: message is correct 6
[ERROR] 2022-08-25 16:27:30.553 [main] Log4jAppender - error: message is correct 6
[FATAL] 2022-08-25 16:27:30.553 [main] Log4jAppender - fatal: message is correct 6
[DEBUG] 2022-08-25 16:27:30.554 [main] Log4jAppender - Debug
[INFO ] 2022-08-25 16:27:30.554 [main] Log4jAppender - info: message is correct 7
[WARN ] 2022-08-25 16:27:30.554 [main] Log4jAppender - warn: message is correct 7
[ERROR] 2022-08-25 16:27:30.554 [main] Log4jAppender - error: message is correct 7
[FATAL] 2022-08-25 16:27:30.554 [main] Log4jAppender - fatal: message is correct 7
[DEBUG] 2022-08-25 16:27:30.555 [main] Log4jAppender - Debug
[INFO ] 2022-08-25 16:27:30.555 [main] Log4jAppender - info: message is correct 8
[WARN ] 2022-08-25 16:27:30.555 [main] Log4jAppender - warn: message is correct 8
[ERROR] 2022-08-25 16:27:30.555 [main] Log4jAppender - error: message is correct 8
[FATAL] 2022-08-25 16:27:30.555 [main] Log4jAppender - fatal: message is correct 8
[DEBUG] 2022-08-25 16:27:30.555 [main] Log4jAppender - Debug
[INFO ] 2022-08-25 16:27:30.556 [main] Log4jAppender - info: message is correct 9
[WARN ] 2022-08-25 16:27:30.556 [main] Log4jAppender - warn: message is correct 9
[ERROR] 2022-08-25 16:27:30.556 [main] Log4jAppender - error: message is correct 9
[FATAL] 2022-08-25 16:27:30.556 [main] Log4jAppender - fatal: message is correct 9
[DEBUG] 2022-08-25 16:27:30.556 [main] Log4jAppender - Debug
[INFO ] 2022-08-25 16:28:29.829 [main] Log4jAppender - info: message is correct 0
[WARN ] 2022-08-25 16:28:29.832 [main] Log4jAppender - warn: message is correct 0
[ERROR] 2022-08-25 16:28:29.832 [main] Log4jAppender - error: message is correct 0
[FATAL] 2022-08-25 16:28:29.832 [main] Log4jAppender - fatal: message is correct 0
[DEBUG] 2022-08-25 16:28:29.833 [main] Log4jAppender - Debug
[INFO ] 2022-08-25 16:28:29.833 [main] Log4jAppender - info: message is correct 1
[WARN ] 2022-08-25 16:28:29.833 [main] Log4jAppender - warn: message is correct 1
[ERROR] 2022-08-25 16:28:29.833 [main] Log4jAppender - error: message is correct 1
[FATAL] 2022-08-25 16:28:29.833 [main] Log4jAppender - fatal: message is correct 1
[DEBUG] 2022-08-25 16:28:29.833 [main] Log4jAppender - Debug
[INFO ] 2022-08-25 16:29:13.418 [main] Log4jAppender - info: message is correct 0
[WARN ] 2022-08-25 16:29:13.421 [main] Log4jAppender - warn: message is correct 0
[ERROR] 2022-08-25 16:29:13.422 [main] Log4jAppender - error: message is correct 0
[FATAL] 2022-08-25 16:29:13.422 [main] Log4jAppender - fatal: message is correct 0
[DEBUG] 2022-08-25 16:29:13.422 [main] Log4jAppender - Debug
[INFO ] 2022-08-25 16:29:13.422 [main] Log4jAppender - info: message is correct 1
[WARN ] 2022-08-25 16:29:13.422 [main] Log4jAppender - warn: message is correct 1
[ERROR] 2022-08-25 16:29:13.423 [main] Log4jAppender - error: message is correct 1
[FATAL] 2022-08-25 16:29:13.423 [main] Log4jAppender - fatal: message is correct 1
[DEBUG] 2022-08-25 16:29:13.423 [main] Log4jAppender - Debug
[INFO ] 2022-08-25 16:29:13.423 [main] Log4jAppender - info: message is correct 2
[WARN ] 2022-08-25 16:29:13.423 [main] Log4jAppender - warn: message is correct 2
[ERROR] 2022-08-25 16:29:13.423 [main] Log4jAppender - error: message is correct 2
[FATAL] 2022-08-25 16:29:13.423 [main] Log4jAppender - fatal: message is correct 2
[DEBUG] 2022-08-25 16:29:13.424 [main] Log4jAppender - Debug
[INFO ] 2022-08-25 16:29:13.424 [main] Log4jAppender - info: message is correct 3
[WARN ] 2022-08-25 16:29:13.424 [main] Log4jAppender - warn: message is correct 3
[ERROR] 2022-08-25 16:29:13.424 [main] Log4jAppender - error: message is correct 3
[FATAL] 2022-08-25 16:29:13.424 [main] Log4jAppender - fatal: message is correct 3
[DEBUG] 2022-08-25 16:29:13.424 [main] Log4jAppender - Debug
[INFO ] 2022-08-25 16:29:13.424 [main] Log4jAppender - info: message is correct 4
[WARN ] 2022-08-25 16:29:13.425 [main] Log4jAppender - warn: message is correct 4
[ERROR] 2022-08-25 16:29:13.425 [main] Log4jAppender - error: message is correct 4
[FATAL] 2022-08-25 16:29:13.425 [main] Log4jAppender - fatal: message is correct 4
[DEBUG] 2022-08-25 16:29:13.425 [main] Log4jAppender - Debug
[INFO ] 2022-08-25 16:29:13.425 [main] Log4jAppender - info: message is correct 5
[WARN ] 2022-08-25 16:29:13.425 [main] Log4jAppender - warn: message is correct 5
[ERROR] 2022-08-25 16:29:13.425 [main] Log4jAppender - error: message is correct 5
[FATAL] 2022-08-25 16:29:13.425 [main] Log4jAppender - fatal: message is correct 5
[DEBUG] 2022-08-25 16:29:13.426 [main] Log4jAppender - Debug
[INFO ] 2022-08-25 16:29:13.426 [main] Log4jAppender - info: message is correct 6
[WARN ] 2022-08-25 16:29:13.426 [main] Log4jAppender - warn: message is correct 6
[ERROR] 2022-08-25 16:29:13.426 [main] Log4jAppender - error: message is correct 6
[FATAL] 2022-08-25 16:29:13.426 [main] Log4jAppender - fatal: message is correct 6
[DEBUG] 2022-08-25 16:29:13.426 [main] Log4jAppender - Debug
[INFO ] 2022-08-25 16:29:13.426 [main] Log4jAppender - info: message is correct 7
[WARN ] 2022-08-25 16:29:13.426 [main] Log4jAppender - warn: message is correct 7
[ERROR] 2022-08-25 16:29:13.427 [main] Log4jAppender - error: message is correct 7
[FATAL] 2022-08-25 16:29:13.427 [main] Log4jAppender - fatal: message is correct 7
[DEBUG] 2022-08-25 16:29:13.427 [main] Log4jAppender - Debug
[INFO ] 2022-08-25 16:30:46.553 [main] Log4jAppender - info: message is correct 0
[WARN ] 2022-08-25 16:30:46.556 [main] Log4jAppender - warn: message is correct 0
[ERROR] 2022-08-25 16:30:46.557 [main] Log4jAppender - error: message is correct 0
[FATAL] 2022-08-25 16:30:46.557 [main] Log4jAppender - fatal: message is correct 0
[DEBUG] 2022-08-25 16:30:46.557 [main] Log4jAppender - Debug
[INFO ] 2022-08-25 16:30:46.557 [main] Log4jAppender - info: message is correct 1
[WARN ] 2022-08-25 16:30:46.557 [main] Log4jAppender - warn: message is correct 1
[ERROR] 2022-08-25 16:30:46.557 [main] Log4jAppender - error: message is correct 1
[FATAL] 2022-08-25 16:30:46.558 [main] Log4jAppender - fatal: message is correct 1
[DEBUG] 2022-08-25 16:30:46.558 [main] Log4jAppender - Debug
[INFO ] 2022-08-25 16:30:46.558 [main] Log4jAppender - info: message is correct 2
[WARN ] 2022-08-25 16:30:46.558 [main] Log4jAppender - warn: message is correct 2
[ERROR] 2022-08-25 16:30:46.558 [main] Log4jAppender - error: message is correct 2
[FATAL] 2022-08-25 16:30:46.558 [main] Log4jAppender - fatal: message is correct 2
[DEBUG] 2022-08-25 16:30:46.558 [main] Log4jAppender - Debug
[INFO ] 2022-08-25 16:30:46.558 [main] Log4jAppender - info: message is correct 3
[WARN ] 2022-08-25 16:30:46.558 [main] Log4jAppender - warn: message is correct 3
[ERROR] 2022-08-25 16:30:46.558 [main] Log4jAppender - error: message is correct 3
[FATAL] 2022-08-25 16:30:46.559 [main] Log4jAppender - fatal: message is correct 3
[DEBUG] 2022-08-25 16:30:46.559 [main] Log4jAppender - Debug
[INFO ] 2022-08-25 16:30:46.559 [main] Log4jAppender - info: message is correct 4
[WARN ] 2022-08-25 16:30:46.559 [main] Log4jAppender - warn: message is correct 4
[ERROR] 2022-08-25 16:30:46.559 [main] Log4jAppender - error: message is correct 4
[FATAL] 2022-08-25 16:30:46.559 [main] Log4jAppender - fatal: message is correct 4
[DEBUG] 2022-08-25 16:30:46.559 [main] Log4jAppender - Debug
[INFO ] 2022-08-25 16:30:46.559 [main] Log4jAppender - info: message is correct 5
[WARN ] 2022-08-25 16:30:46.560 [main] Log4jAppender - warn: message is correct 5
[ERROR] 2022-08-25 16:30:46.560 [main] Log4jAppender - error: message is correct 5
[FATAL] 2022-08-25 16:30:46.560 [main] Log4jAppender - fatal: message is correct 5
[DEBUG] 2022-08-25 16:30:46.560 [main] Log4jAppender - Debug
[INFO ] 2022-08-25 16:30:46.560 [main] Log4jAppender - info: message is correct 6
[WARN ] 2022-08-25 16:30:46.560 [main] Log4jAppender - warn: message is correct 6
[ERROR] 2022-08-25 16:30:46.560 [main] Log4jAppender - error: message is correct 6
[FATAL] 2022-08-25 16:30:46.560 [main] Log4jAppender - fatal: message is correct 6
[DEBUG] 2022-08-25 16:30:46.560 [main] Log4jAppender - Debug
[INFO ] 2022-08-25 16:30:46.561 [main] Log4jAppender - info: message is correct 7
[WARN ] 2022-08-25 16:30:46.561 [main] Log4jAppender - warn: message is correct 7
[ERROR] 2022-08-25 16:30:46.561 [main] Log4jAppender - error: message is correct 7
[FATAL] 2022-08-25 16:30:46.561 [main] Log4jAppender - fatal: message is correct 7
[DEBUG] 2022-08-25 16:30:46.561 [main] Log4jAppender - Debug
[INFO ] 2022-08-25 16:30:46.561 [main] Log4jAppender - info: message is correct 8
[WARN ] 2022-08-25 16:30:46.561 [main] Log4jAppender - warn: message is correct 8
[ERROR] 2022-08-25 16:30:46.561 [main] Log4jAppender - error: message is correct 8
[FATAL] 2022-08-25 16:30:46.561 [main] Log4jAppender - fatal: message is correct 8
[DEBUG] 2022-08-25 16:30:46.562 [main] Log4jAppender - Debug
[INFO ] 2022-08-25 16:32:04.969 [main] Log4jAppender - info: message is correct 0
[WARN ] 2022-08-25 16:32:04.972 [main] Log4jAppender - warn: message is correct 0
[ERROR] 2022-08-25 16:32:04.973 [main] Log4jAppender - error: message is correct 0
[FATAL] 2022-08-25 16:32:04.973 [main] Log4jAppender - fatal: message is correct 0
[DEBUG] 2022-08-25 16:32:04.973 [main] Log4jAppender - Debug
[INFO ] 2022-08-25 16:32:04.973 [main] Log4jAppender - info: message is correct 1
[WARN ] 2022-08-25 16:32:04.973 [main] Log4jAppender - warn: message is correct 1
[ERROR] 2022-08-25 16:32:04.973 [main] Log4jAppender - error: message is correct 1
[FATAL] 2022-08-25 16:32:04.973 [main] Log4jAppender - fatal: message is correct 1
[DEBUG] 2022-08-25 16:32:04.974 [main] Log4jAppender - Debug
[INFO ] 2022-08-25 16:32:32.413 [main] Log4jAppender - info: message is correct 0
[WARN ] 2022-08-25 16:32:32.416 [main] Log4jAppender - warn: message is correct 0
[ERROR] 2022-08-25 16:32:32.416 [main] Log4jAppender - error: message is correct 0
[FATAL] 2022-08-25 16:32:32.417 [main] Log4jAppender - fatal: message is correct 0
[DEBUG] 2022-08-25 16:32:32.417 [main] Log4jAppender - Debug
[INFO ] 2022-08-25 16:32:32.417 [main] Log4jAppender - info: message is correct 1
[WARN ] 2022-08-25 16:32:32.417 [main] Log4jAppender - warn: message is correct 1
[ERROR] 2022-08-25 16:32:32.417 [main] Log4jAppender - error: message is correct 1
[FATAL] 2022-08-25 16:32:32.417 [main] Log4jAppender - fatal: message is correct 1
[DEBUG] 2022-08-25 16:32:32.417 [main] Log4jAppender - Debug
[INFO ] 2022-08-25 16:35:08.939 [main] Log4jAppender - info: message is correct 0
[WARN ] 2022-08-25 16:35:08.942 [main] Log4jAppender - warn: message is correct 0
[ERROR] 2022-08-25 16:35:08.942 [main] Log4jAppender - error: message is correct 0
[FATAL] 2022-08-25 16:35:08.942 [main] Log4jAppender - fatal: message is correct 0
[DEBUG] 2022-08-25 16:35:08.942 [main] Log4jAppender - Debug
[INFO ] 2022-08-25 16:35:08.942 [main] Log4jAppender - info: message is correct 1
[WARN ] 2022-08-25 16:35:08.943 [main] Log4jAppender - warn: message is correct 1
[ERROR] 2022-08-25 16:35:08.943 [main] Log4jAppender - error: message is correct 1
[FATAL] 2022-08-25 16:35:08.943 [main] Log4jAppender - fatal: message is correct 1
[DEBUG] 2022-08-25 16:35:08.943 [main] Log4jAppender - Debug
[INFO ] 2022-08-25 16:35:08.943 [main] Log4jAppender - info: message is correct 2
[WARN ] 2022-08-25 16:35:08.943 [main] Log4jAppender - warn: message is correct 2
[ERROR] 2022-08-25 16:35:08.943 [main] Log4jAppender - error: message is correct 2
[FATAL] 2022-08-25 16:35:08.943 [main] Log4jAppender - fatal: message is correct 2
[DEBUG] 2022-08-25 16:35:08.944 [main] Log4jAppender - Debug
[INFO ] 2022-08-25 16:35:41.831 [main] Log4jAppender - info: message is correct 0
[WARN ] 2022-08-25 16:35:41.834 [main] Log4jAppender - warn: message is correct 0
[ERROR] 2022-08-25 16:35:41.835 [main] Log4jAppender - error: message is correct 0
[FATAL] 2022-08-25 16:35:41.835 [main] Log4jAppender - fatal: message is correct 0
[DEBUG] 2022-08-25 16:35:41.835 [main] Log4jAppender - Debug
[INFO ] 2022-08-25 16:35:41.835 [main] Log4jAppender - info: message is correct 1
[WARN ] 2022-08-25 16:35:41.835 [main] Log4jAppender - warn: message is correct 1
[ERROR] 2022-08-25 16:35:41.835 [main] Log4jAppender - error: message is correct 1
[FATAL] 2022-08-25 16:35:41.836 [main] Log4jAppender - fatal: message is correct 1
[DEBUG] 2022-08-25 16:35:41.836 [main] Log4jAppender - Debug
[INFO ] 2022-08-25 16:35:41.836 [main] Log4jAppender - info: message is correct 2
[WARN ] 2022-08-25 16:35:41.836 [main] Log4jAppender - warn: message is correct 2
[ERROR] 2022-08-25 16:35:41.836 [main] Log4jAppender - error: message is correct 2
[FATAL] 2022-08-25 16:35:41.836 [main] Log4jAppender - fatal: message is correct 2
[DEBUG] 2022-08-25 16:35:41.836 [main] Log4jAppender - Debug
[INFO ] 2022-08-25 16:35:41.836 [main] Log4jAppender - info: message is correct 3
[WARN ] 2022-08-25 16:35:41.836 [main] Log4jAppender - warn: message is correct 3
[ERROR] 2022-08-25 16:35:41.837 [main] Log4jAppender - error: message is correct 3
[FATAL] 2022-08-25 16:35:41.837 [main] Log4jAppender - fatal: message is correct 3
[DEBUG] 2022-08-25 16:35:41.837 [main] Log4jAppender - Debug
[INFO ] 2022-08-25 16:35:41.837 [main] Log4jAppender - info: message is correct 4
[WARN ] 2022-08-25 16:35:41.837 [main] Log4jAppender - warn: message is correct 4
[ERROR] 2022-08-25 16:35:41.837 [main] Log4jAppender - error: message is correct 4
[FATAL] 2022-08-25 16:35:41.837 [main] Log4jAppender - fatal: message is correct 4
[DEBUG] 2022-08-25 16:35:41.837 [main] Log4jAppender - Debug
[INFO ] 2022-08-25 16:37:02.722 [main] Log4jAppender - info: message is correct 0
[WARN ] 2022-08-25 16:37:02.726 [main] Log4jAppender - warn: message is correct 0
[ERROR] 2022-08-25 16:37:02.726 [main] Log4jAppender - error: message is correct 0
[FATAL] 2022-08-25 16:37:02.727 [main] Log4jAppender - fatal: message is correct 0
[DEBUG] 2022-08-25 16:37:02.727 [main] Log4jAppender - Debug
[INFO ] 2022-08-25 16:37:02.727 [main] Log4jAppender - info: message is correct 1
[WARN ] 2022-08-25 16:37:02.727 [main] Log4jAppender - warn: message is correct 1
[ERROR] 2022-08-25 16:37:02.727 [main] Log4jAppender - error: message is correct 1
[FATAL] 2022-08-25 16:37:02.728 [main] Log4jAppender - fatal: message is correct 1
[DEBUG] 2022-08-25 16:37:02.728 [main] Log4jAppender - Debug
[INFO ] 2022-08-25 16:37:02.728 [main] Log4jAppender - info: message is correct 2
[WARN ] 2022-08-25 16:37:02.728 [main] Log4jAppender - warn: message is correct 2
[ERROR] 2022-08-25 16:37:02.728 [main] Log4jAppender - error: message is correct 2
[FATAL] 2022-08-25 16:37:02.728 [main] Log4jAppender - fatal: message is correct 2
[DEBUG] 2022-08-25 16:37:02.729 [main] Log4jAppender - Debug
[INFO ] 2022-08-25 16:37:02.729 [main] Log4jAppender - info: message is correct 3
[WARN ] 2022-08-25 16:37:02.729 [main] Log4jAppender - warn: message is correct 3
[ERROR] 2022-08-25 16:37:02.729 [main] Log4jAppender - error: message is correct 3
[FATAL] 2022-08-25 16:37:02.729 [main] Log4jAppender - fatal: message is correct 3
[DEBUG] 2022-08-25 16:37:02.729 [main] Log4jAppender - Debug
[INFO ] 2022-08-25 16:37:02.729 [main] Log4jAppender - info: message is correct 4
[WARN ] 2022-08-25 16:37:02.730 [main] Log4jAppender - warn: message is correct 4
[ERROR] 2022-08-25 16:37:02.730 [main] Log4jAppender - error: message is correct 4
[FATAL] 2022-08-25 16:37:02.730 [main] Log4jAppender - fatal: message is correct 4
[DEBUG] 2022-08-25 16:37:02.730 [main] Log4jAppender - Debug
[INFO ] 2022-08-25 16:37:02.730 [main] Log4jAppender - info: message is correct 5
[WARN ] 2022-08-25 16:37:02.730 [main] Log4jAppender - warn: message is correct 5
[ERROR] 2022-08-25 16:37:02.731 [main] Log4jAppender - error: message is correct 5
[FATAL] 2022-08-25 16:37:02.731 [main] Log4jAppender - fatal: message is correct 5
[DEBUG] 2022-08-25 16:37:02.731 [main] Log4jAppender - Debug
[INFO ] 2022-08-25 16:48:43.147 [main] Log4jAppender - info: message is correct 0
[WARN ] 2022-08-25 16:48:43.151 [main] Log4jAppender - warn: message is correct 0
[ERROR] 2022-08-25 16:48:43.151 [main] Log4jAppender - error: message is correct 0
[FATAL] 2022-08-25 16:48:43.151 [main] Log4jAppender - fatal: message is correct 0
[DEBUG] 2022-08-25 16:48:43.152 [main] Log4jAppender - Debug
[INFO ] 2022-08-25 16:48:43.152 [main] Log4jAppender - info: message is correct 1
[WARN ] 2022-08-25 16:48:43.152 [main] Log4jAppender - warn: message is correct 1
[ERROR] 2022-08-25 16:48:43.152 [main] Log4jAppender - error: message is correct 1
[FATAL] 2022-08-25 16:48:43.152 [main] Log4jAppender - fatal: message is correct 1
[DEBUG] 2022-08-25 16:48:43.153 [main] Log4jAppender - Debug
[INFO ] 2022-08-25 16:48:43.153 [main] Log4jAppender - info: message is correct 2
[WARN ] 2022-08-25 16:48:43.153 [main] Log4jAppender - warn: message is correct 2
[ERROR] 2022-08-25 16:48:43.153 [main] Log4jAppender - error: message is correct 2
[FATAL] 2022-08-25 16:48:43.153 [main] Log4jAppender - fatal: message is correct 2
[DEBUG] 2022-08-25 16:48:43.153 [main] Log4jAppender - Debug
[INFO ] 2022-08-25 16:48:43.153 [main] Log4jAppender - info: message is correct 3
[WARN ] 2022-08-25 16:48:43.154 [main] Log4jAppender - warn: message is correct 3
[ERROR] 2022-08-25 16:48:43.154 [main] Log4jAppender - error: message is correct 3
[FATAL] 2022-08-25 16:48:43.154 [main] Log4jAppender - fatal: message is correct 3
[DEBUG] 2022-08-25 16:48:43.154 [main] Log4jAppender - Debug
[INFO ] 2022-08-25 16:48:43.154 [main] Log4jAppender - info: message is correct 4
[WARN ] 2022-08-25 16:48:43.154 [main] Log4jAppender - warn: message is correct 4
[ERROR] 2022-08-25 16:48:43.154 [main] Log4jAppender - error: message is correct 4
[FATAL] 2022-08-25 16:48:43.154 [main] Log4jAppender - fatal: message is correct 4
[DEBUG] 2022-08-25 16:48:43.155 [main] Log4jAppender - Debug
[INFO ] 2022-08-25 16:48:43.155 [main] Log4jAppender - info: message is correct 5
[WARN ] 2022-08-25 16:48:43.155 [main] Log4jAppender - warn: message is correct 5
[ERROR] 2022-08-25 16:48:43.155 [main] Log4jAppender - error: message is correct 5
[FATAL] 2022-08-25 16:48:43.155 [main] Log4jAppender - fatal: message is correct 5
[DEBUG] 2022-08-25 16:48:43.155 [main] Log4jAppender - Debug
[INFO ] 2022-08-25 16:49:01.070 [main] Log4jAppender - info: message is correct 0
[WARN ] 2022-08-25 16:49:01.073 [main] Log4jAppender - warn: message is correct 0
[ERROR] 2022-08-25 16:49:01.073 [main] Log4jAppender - error: message is correct 0
[FATAL] 2022-08-25 16:49:01.074 [main] Log4jAppender - fatal: message is correct 0
[DEBUG] 2022-08-25 16:49:01.074 [main] Log4jAppender - Debug
[INFO ] 2022-08-25 16:49:01.074 [main] Log4jAppender - info: message is correct 1
[WARN ] 2022-08-25 16:49:01.074 [main] Log4jAppender - warn: message is correct 1
[ERROR] 2022-08-25 16:49:01.074 [main] Log4jAppender - error: message is correct 1
[FATAL] 2022-08-25 16:49:01.074 [main] Log4jAppender - fatal: message is correct 1
[DEBUG] 2022-08-25 16:49:01.074 [main] Log4jAppender - Debug
[INFO ] 2022-08-25 16:49:01.075 [main] Log4jAppender - info: message is correct 2
[WARN ] 2022-08-25 16:49:01.075 [main] Log4jAppender - warn: message is correct 2
[ERROR] 2022-08-25 16:49:01.075 [main] Log4jAppender - error: message is correct 2
[FATAL] 2022-08-25 16:49:01.075 [main] Log4jAppender - fatal: message is correct 2
[DEBUG] 2022-08-25 16:49:01.075 [main] Log4jAppender - Debug
[INFO ] 2022-08-25 16:49:01.075 [main] Log4jAppender - info: message is correct 3
[WARN ] 2022-08-25 16:49:01.076 [main] Log4jAppender - warn: message is correct 3
[ERROR] 2022-08-25 16:49:01.076 [main] Log4jAppender - error: message is correct 3
[FATAL] 2022-08-25 16:49:01.076 [main] Log4jAppender - fatal: message is correct 3
[DEBUG] 2022-08-25 16:49:01.076 [main] Log4jAppender - Debug
[INFO ] 2022-08-25 16:49:01.076 [main] Log4jAppender - info: message is correct 4
[WARN ] 2022-08-25 16:49:01.076 [main] Log4jAppender - warn: message is correct 4
[ERROR] 2022-08-25 16:49:01.077 [main] Log4jAppender - error: message is correct 4
[FATAL] 2022-08-25 16:49:01.077 [main] Log4jAppender - fatal: message is correct 4
[DEBUG] 2022-08-25 16:49:01.077 [main] Log4jAppender - Debug
[INFO ] 2022-08-25 16:49:50.937 [main] Log4jAppender - info: message is correct 0
[WARN ] 2022-08-25 16:49:50.941 [main] Log4jAppender - warn: message is correct 0
[ERROR] 2022-08-25 16:49:50.941 [main] Log4jAppender - error: message is correct 0
[FATAL] 2022-08-25 16:49:50.941 [main] Log4jAppender - fatal: message is correct 0
[DEBUG] 2022-08-25 16:49:50.941 [main] Log4jAppender - Debug
[INFO ] 2022-08-25 16:49:50.941 [main] Log4jAppender - info: message is correct 1
[WARN ] 2022-08-25 16:49:50.942 [main] Log4jAppender - warn: message is correct 1
[ERROR] 2022-08-25 16:49:50.942 [main] Log4jAppender - error: message is correct 1
[FATAL] 2022-08-25 16:49:50.942 [main] Log4jAppender - fatal: message is correct 1
[DEBUG] 2022-08-25 16:49:50.942 [main] Log4jAppender - Debug
[INFO ] 2022-08-25 16:49:50.942 [main] Log4jAppender - info: message is correct 2
[WARN ] 2022-08-25 16:49:50.942 [main] Log4jAppender - warn: message is correct 2
[ERROR] 2022-08-25 16:49:50.942 [main] Log4jAppender - error: message is correct 2
[FATAL] 2022-08-25 16:49:50.942 [main] Log4jAppender - fatal: message is correct 2
[DEBUG] 2022-08-25 16:49:50.943 [main] Log4jAppender - Debug
[INFO ] 2022-08-25 16:49:50.943 [main] Log4jAppender - info: message is correct 3
[WARN ] 2022-08-25 16:49:50.943 [main] Log4jAppender - warn: message is correct 3
[ERROR] 2022-08-25 16:49:50.943 [main] Log4jAppender - error: message is correct 3
[FATAL] 2022-08-25 16:49:50.943 [main] Log4jAppender - fatal: message is correct 3
[DEBUG] 2022-08-25 16:49:50.943 [main] Log4jAppender - Debug
[INFO ] 2022-08-25 16:49:50.943 [main] Log4jAppender - info: message is correct 4
[WARN ] 2022-08-25 16:49:50.943 [main] Log4jAppender - warn: message is correct 4
[ERROR] 2022-08-25 16:49:50.943 [main] Log4jAppender - error: message is correct 4
[FATAL] 2022-08-25 16:49:50.944 [main] Log4jAppender - fatal: message is correct 4
[DEBUG] 2022-08-25 16:49:50.944 [main] Log4jAppender - Debug
[INFO ] 2022-08-25 16:49:50.944 [main] Log4jAppender - info: message is correct 5
[WARN ] 2022-08-25 16:49:50.944 [main] Log4jAppender - warn: message is correct 5
[ERROR] 2022-08-25 16:49:50.944 [main] Log4jAppender - error: message is correct 5
[FATAL] 2022-08-25 16:49:50.944 [main] Log4jAppender - fatal: message is correct 5
[DEBUG] 2022-08-25 16:49:50.944 [main] Log4jAppender - Debug
[INFO ] 2022-08-25 16:50:43.217 [main] Log4jAppender - info: message is correct 0
[WARN ] 2022-08-25 16:50:43.221 [main] Log4jAppender - warn: message is correct 0
[ERROR] 2022-08-25 16:50:43.222 [main] Log4jAppender - error: message is correct 0
[FATAL] 2022-08-25 16:50:43.222 [main] Log4jAppender - fatal: message is correct 0
[DEBUG] 2022-08-25 16:50:43.222 [main] Log4jAppender - Debug
[INFO ] 2022-08-25 16:50:43.222 [main] Log4jAppender - info: message is correct 1
[WARN ] 2022-08-25 16:50:43.222 [main] Log4jAppender - warn: message is correct 1
[ERROR] 2022-08-25 16:50:43.223 [main] Log4jAppender - error: message is correct 1
[FATAL] 2022-08-25 16:50:43.223 [main] Log4jAppender - fatal: message is correct 1
[DEBUG] 2022-08-25 16:50:43.223 [main] Log4jAppender - Debug
[INFO ] 2022-08-25 16:50:43.223 [main] Log4jAppender - info: message is correct 2
[WARN ] 2022-08-25 16:50:43.224 [main] Log4jAppender - warn: message is correct 2
[ERROR] 2022-08-25 16:50:43.224 [main] Log4jAppender - error: message is correct 2
[FATAL] 2022-08-25 16:50:43.224 [main] Log4jAppender - fatal: message is correct 2
[DEBUG] 2022-08-25 16:50:43.224 [main] Log4jAppender - Debug
[INFO ] 2022-08-25 16:50:43.224 [main] Log4jAppender - info: message is correct 3
[WARN ] 2022-08-25 16:50:43.225 [main] Log4jAppender - warn: message is correct 3
[ERROR] 2022-08-25 16:50:43.225 [main] Log4jAppender - error: message is correct 3
[FATAL] 2022-08-25 16:50:43.225 [main] Log4jAppender - fatal: message is correct 3
[DEBUG] 2022-08-25 16:50:43.225 [main] Log4jAppender - Debug
[INFO ] 2022-08-25 16:50:43.225 [main] Log4jAppender - info: message is correct 4
[WARN ] 2022-08-25 16:50:43.225 [main] Log4jAppender - warn: message is correct 4
[ERROR] 2022-08-25 16:50:43.226 [main] Log4jAppender - error: message is correct 4
[FATAL] 2022-08-25 16:50:43.226 [main] Log4jAppender - fatal: message is correct 4
[DEBUG] 2022-08-25 16:50:43.226 [main] Log4jAppender - Debug
[INFO ] 2022-08-25 18:07:36.230 [main] Log4jAppender - info: message is correct 0
[WARN ] 2022-08-25 18:07:36.237 [main] Log4jAppender - warn: message is correct 0
[ERROR] 2022-08-25 18:07:36.238 [main] Log4jAppender - error: message is correct 0
[FATAL] 2022-08-25 18:07:36.238 [main] Log4jAppender - fatal: message is correct 0
[DEBUG] 2022-08-25 18:07:36.239 [main] Log4jAppender - Debug
[INFO ] 2022-08-25 18:07:36.239 [main] Log4jAppender - info: message is correct 1
[WARN ] 2022-08-25 18:07:36.239 [main] Log4jAppender - warn: message is correct 1
[ERROR] 2022-08-25 18:07:36.240 [main] Log4jAppender - error: message is correct 1
[FATAL] 2022-08-25 18:07:36.240 [main] Log4jAppender - fatal: message is correct 1
[DEBUG] 2022-08-25 18:07:36.240 [main] Log4jAppender - Debug
[INFO ] 2022-08-25 18:07:36.241 [main] Log4jAppender - info: message is correct 2
[WARN ] 2022-08-25 18:07:36.241 [main] Log4jAppender - warn: message is correct 2
[ERROR] 2022-08-25 18:07:36.241 [main] Log4jAppender - error: message is correct 2
[FATAL] 2022-08-25 18:07:36.242 [main] Log4jAppender - fatal: message is correct 2
[DEBUG] 2022-08-25 18:07:36.242 [main] Log4jAppender - Debug
[INFO ] 2022-08-25 18:07:36.242 [main] Log4jAppender - info: message is correct 3
[WARN ] 2022-08-25 18:07:36.242 [main] Log4jAppender - warn: message is correct 3
[ERROR] 2022-08-25 18:07:36.243 [main] Log4jAppender - error: message is correct 3
[FATAL] 2022-08-25 18:07:36.243 [main] Log4jAppender - fatal: message is correct 3
[DEBUG] 2022-08-25 18:07:36.243 [main] Log4jAppender - Debug
[INFO ] 2022-08-25 18:07:36.243 [main] Log4jAppender - info: message is correct 4
[WARN ] 2022-08-25 18:07:36.243 [main] Log4jAppender - warn: message is correct 4
[ERROR] 2022-08-25 18:07:36.244 [main] Log4jAppender - error: message is correct 4
[FATAL] 2022-08-25 18:07:36.244 [main] Log4jAppender - fatal: message is correct 4
[DEBUG] 2022-08-25 18:07:36.244 [main] Log4jAppender - Debug
[INFO ] 2022-08-25 18:07:36.244 [main] Log4jAppender - info: message is correct 5
[WARN ] 2022-08-25 18:07:36.245 [main] Log4jAppender - warn: message is correct 5
[ERROR] 2022-08-25 18:07:36.245 [main] Log4jAppender - error: message is correct 5
[FATAL] 2022-08-25 18:07:36.245 [main] Log4jAppender - fatal: message is correct 5
[DEBUG] 2022-08-25 18:07:36.245 [main] Log4jAppender - Debug
[INFO ] 2022-08-25 18:07:36.245 [main] Log4jAppender - info: message is correct 6
[WARN ] 2022-08-25 18:07:36.246 [main] Log4jAppender - warn: message is correct 6
[ERROR] 2022-08-25 18:07:36.246 [main] Log4jAppender - error: message is correct 6
[FATAL] 2022-08-25 18:07:36.246 [main] Log4jAppender - fatal: message is correct 6
[DEBUG] 2022-08-25 18:07:36.247 [main] Log4jAppender - Debug
[INFO ] 2022-08-25 18:07:36.247 [main] Log4jAppender - info: message is correct 7
[WARN ] 2022-08-25 18:07:36.247 [main] Log4jAppender - warn: message is correct 7
[ERROR] 2022-08-25 18:07:36.247 [main] Log4jAppender - error: message is correct 7
[FATAL] 2022-08-25 18:07:36.247 [main] Log4jAppender - fatal: message is correct 7
[DEBUG] 2022-08-25 18:07:36.248 [main] Log4jAppender - Debug
